<?xml version="1.0" encoding="utf-8"?>
<test-run id="2" testcasecount="1" result="Passed" total="1" passed="1" failed="0" inconclusive="0" skipped="0" asserts="0" engine-version="3.5.0.0" clr-version="4.0.30319.42000" start-time="2026-08-20 12:31:44Z" end-time="2026-08-20 12:31:44Z" duration="0.0743441">
  <test-suite type="TestSuite" id="1134" name="QA - Final" fullname="QA - Final" runstate="Runnable" testcasecount="108" result="Passed" start-time="2026-08-20 12:31:44Z" end-time="2026-08-20 12:31:44Z" duration="0.074344" total="1" passed="1" failed="0" inconclusive="0" skipped="0" asserts="0">
    <properties>
      <property name="platform" value="PlayMode" />
    </properties>
    <test-suite type="Assembly" id="1130" name="PlayModeTests.dll" fullname="C:/Users/User/Documents/GitHub/QA_SpaceShooter/Library/ScriptAssemblies/PlayModeTests.dll" runstate="Runnable" testcasecount="108" result="Passed" start-time="2026-08-20 12:31:44Z" end-time="2026-08-20 12:31:44Z" duration="0.063368" total="1" passed="1" failed="0" inconclusive="0" skipped="0" asserts="0">
      <properties>
        <property name="_PID" value="24940" />
        <property name="_APPDOMAIN" value="Unity Child Domain" />
        <property name="platform" value="PlayMode" />
        <property name="EditorOnly" value="False" />
      </properties>
      <test-suite type="TestFixture" id="1005" name="BossTests" fullname="BossTests" classname="BossTests" runstate="Runnable" testcasecount="8" result="Passed" start-time="2026-08-20 12:31:44Z" end-time="2026-08-20 12:31:44Z" duration="0.058496" total="1" passed="1" failed="0" inconclusive="0" skipped="0" asserts="0">
        <properties />
        <test-case id="1009" name="BOS_UT_004_BossDiesAtZeroHealth" fullname="BossTests.BOS_UT_004_BossDiesAtZeroHealth" methodname="BOS_UT_004_BossDiesAtZeroHealth" classname="BossTests" runstate="Runnable" seed="952269281" result="Passed" start-time="2026-08-20 12:31:44Z" end-time="2026-08-20 12:31:44Z" duration="0.028594" asserts="0">
          <properties>
            <property name="retryIteration" value="0" />
            <property name="repeatIteration" value="0" />
          </properties>
          <output><![CDATA[Saving results to: C:/Users/User/AppData/LocalLow/DefaultCompany/QA - Final\TestResults.xml
]]></output>
        </test-case>
      </test-suite>
    </test-suite>
  </test-suite>
</test-run>