<?xml version="1.0" encoding="utf-8"?>
<test-run id="2" testcasecount="4" result="Passed" total="4" passed="4" failed="0" inconclusive="0" skipped="0" asserts="0" engine-version="3.5.0.0" clr-version="4.0.30319.42000" start-time="2026-08-19 21:06:07Z" end-time="2026-08-19 21:06:08Z" duration="0.0849902">
  <test-suite type="TestSuite" id="1078" name="QA - Final" fullname="QA - Final" runstate="Runnable" testcasecount="59" result="Passed" start-time="2026-08-19 21:06:07Z" end-time="2026-08-19 21:06:08Z" duration="0.084990" total="4" passed="4" failed="0" inconclusive="0" skipped="0" asserts="0">
    <properties>
      <property name="platform" value="PlayMode" />
    </properties>
    <test-suite type="Assembly" id="1074" name="PlayModeTests.dll" fullname="C:/Users/User/Documents/GitHub/QA_SpaceShooter/Library/ScriptAssemblies/PlayModeTests.dll" runstate="Runnable" testcasecount="59" result="Passed" start-time="2026-08-19 21:06:07Z" end-time="2026-08-19 21:06:08Z" duration="0.077974" total="4" passed="4" failed="0" inconclusive="0" skipped="0" asserts="0">
      <properties>
        <property name="_PID" value="24940" />
        <property name="_APPDOMAIN" value="Unity Child Domain" />
        <property name="platform" value="PlayMode" />
        <property name="EditorOnly" value="False" />
      </properties>
      <test-suite type="TestFixture" id="1043" name="PoolingControllerFunctionalTests" fullname="PoolingControllerFunctionalTests" classname="PoolingControllerFunctionalTests" runstate="Runnable" testcasecount="4" result="Passed" start-time="2026-08-19 21:06:07Z" end-time="2026-08-19 21:06:08Z" duration="0.074287" total="4" passed="4" failed="0" inconclusive="0" skipped="0" asserts="0">
        <properties />
        <test-case id="1046" name="GetPoolingObject_AddsObject_WhenPoolIsExhausted" fullname="PoolingControllerFunctionalTests.GetPoolingObject_AddsObject_WhenPoolIsExhausted" methodname="GetPoolingObject_AddsObject_WhenPoolIsExhausted" classname="PoolingControllerFunctionalTests" runstate="Runnable" seed="415501276" result="Passed" start-time="2026-08-19 21:06:07Z" end-time="2026-08-19 21:06:07Z" duration="0.026207" asserts="0">
          <properties>
            <property name="_JOINTYPE" value="UnityCombinatorial" />
            <property name="retryIteration" value="0" />
            <property name="repeatIteration" value="0" />
          </properties>
        </test-case>
        <test-case id="1045" name="GetPoolingObject_ReturnsInactivePooledObject" fullname="PoolingControllerFunctionalTests.GetPoolingObject_ReturnsInactivePooledObject" methodname="GetPoolingObject_ReturnsInactivePooledObject" classname="PoolingControllerFunctionalTests" runstate="Runnable" seed="715877569" result="Passed" start-time="2026-08-19 21:06:07Z" end-time="2026-08-19 21:06:08Z" duration="0.010882" asserts="0">
          <properties>
            <property name="_JOINTYPE" value="UnityCombinatorial" />
            <property name="retryIteration" value="0" />
            <property name="repeatIteration" value="0" />
          </properties>
        </test-case>
        <test-case id="1044" name="PoolingController_CreatesConfiguredInitialPool" fullname="PoolingControllerFunctionalTests.PoolingController_CreatesConfiguredInitialPool" methodname="PoolingController_CreatesConfiguredInitialPool" classname="PoolingControllerFunctionalTests" runstate="Runnable" seed="74442319" result="Passed" start-time="2026-08-19 21:06:08Z" end-time="2026-08-19 21:06:08Z" duration="0.006902" asserts="0">
          <properties>
            <property name="_JOINTYPE" value="UnityCombinatorial" />
            <property name="retryIteration" value="0" />
            <property name="repeatIteration" value="0" />
          </properties>
        </test-case>
        <test-case id="1047" name="ReturnedInactiveObject_CanBeRetrievedAgain" fullname="PoolingControllerFunctionalTests.ReturnedInactiveObject_CanBeRetrievedAgain" methodname="ReturnedInactiveObject_CanBeRetrievedAgain" classname="PoolingControllerFunctionalTests" runstate="Runnable" seed="1282703351" result="Passed" start-time="2026-08-19 21:06:08Z" end-time="2026-08-19 21:06:08Z" duration="0.016778" asserts="0">
          <properties>
            <property name="_JOINTYPE" value="UnityCombinatorial" />
            <property name="retryIteration" value="0" />
            <property name="repeatIteration" value="0" />
          </properties>
          <output><![CDATA[Saving results to: C:/Users/User/AppData/LocalLow/DefaultCompany/QA - Final\TestResults.xml
]]></output>
        </test-case>
      </test-suite>
    </test-suite>
  </test-suite>
</test-run>