<?xml version="1.0" encoding="utf-8"?>
<test-run id="2" testcasecount="79" result="Failed(Child)" total="79" passed="65" failed="14" inconclusive="0" skipped="0" asserts="0" engine-version="3.5.0.0" clr-version="4.0.30319.42000" start-time="2026-08-19 22:53:24Z" end-time="2026-08-19 22:53:37Z" duration="13.3326174">
  <test-suite type="TestSuite" id="1103" name="QA - Final" fullname="QA - Final" runstate="Runnable" testcasecount="79" result="Failed" site="Child" start-time="2026-08-19 22:53:24Z" end-time="2026-08-19 22:53:37Z" duration="13.332617" total="79" passed="65" failed="14" inconclusive="0" skipped="0" asserts="0">
    <properties>
      <property name="platform" value="PlayMode" />
    </properties>
    <failure>
      <message><![CDATA[One or more child tests had errors]]></message>
    </failure>
    <test-suite type="Assembly" id="1099" name="PlayModeTests.dll" fullname="C:/Users/User/Documents/GitHub/QA_SpaceShooter/Library/ScriptAssemblies/PlayModeTests.dll" runstate="Runnable" testcasecount="79" result="Failed" site="Child" start-time="2026-08-19 22:53:24Z" end-time="2026-08-19 22:53:37Z" duration="13.324286" total="79" passed="65" failed="14" inconclusive="0" skipped="0" asserts="0">
      <properties>
        <property name="_PID" value="24940" />
        <property name="_APPDOMAIN" value="Unity Child Domain" />
        <property name="platform" value="PlayMode" />
        <property name="EditorOnly" value="False" />
      </properties>
      <failure>
        <message><![CDATA[One or more child tests had errors]]></message>
      </failure>
      <test-suite type="TestFixture" id="1071" name="AccessibilityTests" fullname="AccessibilityTests" classname="AccessibilityTests" runstate="Runnable" testcasecount="3" result="Passed" start-time="2026-08-19 22:53:24Z" end-time="2026-08-19 22:53:24Z" duration="0.047154" total="3" passed="3" failed="0" inconclusive="0" skipped="0" asserts="0">
        <properties />
        <test-case id="1073" name="GameplayComponents_DoNotRequireColorConfigurationToExist" fullname="AccessibilityTests.GameplayComponents_DoNotRequireColorConfigurationToExist" methodname="GameplayComponents_DoNotRequireColorConfigurationToExist" classname="AccessibilityTests" runstate="Runnable" seed="1034911446" result="Passed" start-time="2026-08-19 22:53:24Z" end-time="2026-08-19 22:53:24Z" duration="0.013925" asserts="0">
          <properties>
            <property name="retryIteration" value="0" />
            <property name="repeatIteration" value="0" />
          </properties>
        </test-case>
        <test-case id="1072" name="Player_HasUsableMovementConfiguration" fullname="AccessibilityTests.Player_HasUsableMovementConfiguration" methodname="Player_HasUsableMovementConfiguration" classname="AccessibilityTests" runstate="Runnable" seed="2042939771" result="Passed" start-time="2026-08-19 22:53:24Z" end-time="2026-08-19 22:53:24Z" duration="0.002521" asserts="0">
          <properties>
            <property name="retryIteration" value="0" />
            <property name="repeatIteration" value="0" />
          </properties>
        </test-case>
        <test-case id="1074" name="Player_RemainsWithinCameraPlayableArea" fullname="AccessibilityTests.Player_RemainsWithinCameraPlayableArea" methodname="Player_RemainsWithinCameraPlayableArea" classname="AccessibilityTests" runstate="Runnable" seed="1426201718" result="Passed" start-time="2026-08-19 22:53:24Z" end-time="2026-08-19 22:53:24Z" duration="0.015845" asserts="0">
          <properties>
            <property name="_JOINTYPE" value="UnityCombinatorial" />
            <property name="retryIteration" value="0" />
            <property name="repeatIteration" value="0" />
          </properties>
        </test-case>
      </test-suite>
      <test-suite type="TestFixture" id="1001" name="BonusFunctionalTests" fullname="BonusFunctionalTests" classname="BonusFunctionalTests" runstate="Runnable" testcasecount="2" result="Failed" site="Child" start-time="2026-08-19 22:53:24Z" end-time="2026-08-19 22:53:24Z" duration="0.040799" total="2" passed="1" failed="1" inconclusive="0" skipped="0" asserts="0">
        <properties />
        <failure>
          <message><![CDATA[One or more child tests had errors]]></message>
        </failure>
        <test-case id="1002" name="Bonus_Collection_IncreasesWeaponPower" fullname="BonusFunctionalTests.Bonus_Collection_IncreasesWeaponPower" methodname="Bonus_Collection_IncreasesWeaponPower" classname="BonusFunctionalTests" runstate="Runnable" seed="628591902" result="Passed" start-time="2026-08-19 22:53:24Z" end-time="2026-08-19 22:53:24Z" duration="0.020304" asserts="0">
          <properties>
            <property name="_JOINTYPE" value="UnityCombinatorial" />
            <property name="retryIteration" value="0" />
            <property name="repeatIteration" value="0" />
          </properties>
        </test-case>
        <test-case id="1003" name="Bonus_DoesNotIncreaseWeaponPower_AboveMaximum" fullname="BonusFunctionalTests.Bonus_DoesNotIncreaseWeaponPower_AboveMaximum" methodname="Bonus_DoesNotIncreaseWeaponPower_AboveMaximum" classname="BonusFunctionalTests" runstate="Runnable" seed="350690832" result="Failed" start-time="2026-08-19 22:53:24Z" end-time="2026-08-19 22:53:24Z" duration="0.014715" asserts="0">
          <properties>
            <property name="_JOINTYPE" value="UnityCombinatorial" />
            <property name="retryIteration" value="0" />
            <property name="repeatIteration" value="0" />
          </properties>
          <failure>
            <message><![CDATA[Unhandled log message: '[Exception] MissingComponentException: There is no 'Collider2D' attached to the "Test_Player" game object, but a script is trying to access it.
You probably need to add a Collider2D to the game object "Test_Player". Or your script needs to check if the component is attached before using it.'. Use UnityEngine.TestTools.LogAssert.Expect]]></message>
            <stack-trace><![CDATA[UnityEngine.Object+MarshalledUnityObject.TryThrowEditorNullExceptionObject (UnityEngine.Object unityObj, System.String parameterName) (at <612ea0208cc847f49d539e6511ed3cd5>:0)
UnityEngine.Bindings.ThrowHelper.ThrowNullReferenceException (System.Object obj) (at <612ea0208cc847f49d539e6511ed3cd5>:0)
UnityEngine.Component.get_gameObject () (at <612ea0208cc847f49d539e6511ed3cd5>:0)
UnityEngine.Component.get_tag () (at <612ea0208cc847f49d539e6511ed3cd5>:0)
Bonus.OnTriggerEnter2D (UnityEngine.Collider2D collision) (at Assets/Space Shooter Template FREE/Scripts/Bonus.cs:8)
UnityEngine.GameObject:SendMessage(String, Object, SendMessageOptions)
<Bonus_DoesNotIncreaseWeaponPower_AboveMaximum>d__5:MoveNext() (at Assets/Tests/PlayMode/Functional/BonusFunctionalTests.cs:82)
UnityEngine.SetupCoroutine:InvokeMoveNext(IEnumerator, IntPtr)

]]></stack-trace>
          </failure>
          <output><![CDATA[MissingComponentException: There is no 'Collider2D' attached to the "Test_Player" game object, but a script is trying to access it.
You probably need to add a Collider2D to the game object "Test_Player". Or your script needs to check if the component is attached before using it.
UnityEngine.Object+MarshalledUnityObject.TryThrowEditorNullExceptionObject (UnityEngine.Object unityObj, System.String parameterName) (at <612ea0208cc847f49d539e6511ed3cd5>:0)
UnityEngine.Bindings.ThrowHelper.ThrowNullReferenceException (System.Object obj) (at <612ea0208cc847f49d539e6511ed3cd5>:0)
UnityEngine.Component.get_gameObject () (at <612ea0208cc847f49d539e6511ed3cd5>:0)
UnityEngine.Component.get_tag () (at <612ea0208cc847f49d539e6511ed3cd5>:0)
Bonus.OnTriggerEnter2D (UnityEngine.Collider2D collision) (at Assets/Space Shooter Template FREE/Scripts/Bonus.cs:8)
UnityEngine.GameObject:SendMessage(String, Object, SendMessageOptions)
<Bonus_DoesNotIncreaseWeaponPower_AboveMaximum>d__5:MoveNext() (at Assets/Tests/PlayMode/Functional/BonusFunctionalTests.cs:82)
UnityEngine.SetupCoroutine:InvokeMoveNext(IEnumerator, IntPtr)

]]></output>
        </test-case>
      </test-suite>
      <test-suite type="TestFixture" id="1004" name="BoundaryFunctionalTests" fullname="BoundaryFunctionalTests" classname="BoundaryFunctionalTests" runstate="Runnable" testcasecount="4" result="Passed" start-time="2026-08-19 22:53:24Z" end-time="2026-08-19 22:53:24Z" duration="0.061286" total="4" passed="4" failed="0" inconclusive="0" skipped="0" asserts="0">
        <properties />
        <test-case id="1007" name="Boundary_DestroysBonusOutsideBoundary" fullname="BoundaryFunctionalTests.Boundary_DestroysBonusOutsideBoundary" methodname="Boundary_DestroysBonusOutsideBoundary" classname="BoundaryFunctionalTests" runstate="Runnable" seed="61175463" result="Passed" start-time="2026-08-19 22:53:24Z" end-time="2026-08-19 22:53:24Z" duration="0.020680" asserts="0">
          <properties>
            <property name="_JOINTYPE" value="UnityCombinatorial" />
            <property name="retryIteration" value="0" />
            <property name="repeatIteration" value="0" />
          </properties>
        </test-case>
        <test-case id="1006" name="Boundary_DestroysProjectileOutsideBoundary" fullname="BoundaryFunctionalTests.Boundary_DestroysProjectileOutsideBoundary" methodname="Boundary_DestroysProjectileOutsideBoundary" classname="BoundaryFunctionalTests" runstate="Runnable" seed="730524974" result="Passed" start-time="2026-08-19 22:53:24Z" end-time="2026-08-19 22:53:24Z" duration="0.011625" asserts="0">
          <properties>
            <property name="_JOINTYPE" value="UnityCombinatorial" />
            <property name="retryIteration" value="0" />
            <property name="repeatIteration" value="0" />
          </properties>
        </test-case>
        <test-case id="1008" name="Boundary_DoesNotDestroyUnrecognizedObject" fullname="BoundaryFunctionalTests.Boundary_DoesNotDestroyUnrecognizedObject" methodname="Boundary_DoesNotDestroyUnrecognizedObject" classname="BoundaryFunctionalTests" runstate="Runnable" seed="659289476" result="Passed" start-time="2026-08-19 22:53:24Z" end-time="2026-08-19 22:53:24Z" duration="0.008946" asserts="0">
          <properties>
            <property name="_JOINTYPE" value="UnityCombinatorial" />
            <property name="retryIteration" value="0" />
            <property name="repeatIteration" value="0" />
          </properties>
        </test-case>
        <test-case id="1005" name="Boundary_ResizesColliderFromCameraViewport" fullname="BoundaryFunctionalTests.Boundary_ResizesColliderFromCameraViewport" methodname="Boundary_ResizesColliderFromCameraViewport" classname="BoundaryFunctionalTests" runstate="Runnable" seed="12021306" result="Passed" start-time="2026-08-19 22:53:24Z" end-time="2026-08-19 22:53:24Z" duration="0.016674" asserts="0">
          <properties>
            <property name="_JOINTYPE" value="UnityCombinatorial" />
            <property name="retryIteration" value="0" />
            <property name="repeatIteration" value="0" />
          </properties>
        </test-case>
      </test-suite>
      <test-suite type="TestFixture" id="1075" name="CompatibilityTests" fullname="CompatibilityTests" classname="CompatibilityTests" runstate="Runnable" testcasecount="4" result="Passed" start-time="2026-08-19 22:53:24Z" end-time="2026-08-19 22:53:24Z" duration="0.016393" total="4" passed="4" failed="0" inconclusive="0" skipped="0" asserts="0">
        <properties />
        <test-case id="1079" name="CoreGameplayComponents_CanBeCreated" fullname="CompatibilityTests.CoreGameplayComponents_CanBeCreated" methodname="CoreGameplayComponents_CanBeCreated" classname="CompatibilityTests" runstate="Runnable" seed="1454444148" result="Passed" start-time="2026-08-19 22:53:24Z" end-time="2026-08-19 22:53:24Z" duration="0.000563" asserts="0">
          <properties>
            <property name="retryIteration" value="0" />
            <property name="repeatIteration" value="0" />
          </properties>
        </test-case>
        <test-case id="1077" name="PlayerMovement_DesktopAndMobileInputPaths_AreDefined" fullname="CompatibilityTests.PlayerMovement_DesktopAndMobileInputPaths_AreDefined" methodname="PlayerMovement_DesktopAndMobileInputPaths_AreDefined" classname="CompatibilityTests" runstate="Runnable" seed="280114301" result="Passed" start-time="2026-08-19 22:53:24Z" end-time="2026-08-19 22:53:24Z" duration="0.000465" asserts="0">
          <properties>
            <property name="retryIteration" value="0" />
            <property name="repeatIteration" value="0" />
          </properties>
          <reason>
            <message><![CDATA[Desktop/editor input compilation path is active.]]></message>
          </reason>
        </test-case>
        <test-case id="1076" name="PlayerMovement_HasValidMovementBorders" fullname="CompatibilityTests.PlayerMovement_HasValidMovementBorders" methodname="PlayerMovement_HasValidMovementBorders" classname="CompatibilityTests" runstate="Runnable" seed="550448548" result="Passed" start-time="2026-08-19 22:53:24Z" end-time="2026-08-19 22:53:24Z" duration="0.000249" asserts="0">
          <properties>
            <property name="retryIteration" value="0" />
            <property name="repeatIteration" value="0" />
          </properties>
        </test-case>
        <test-case id="1078" name="PlayerMovement_RemainsInsideConfiguredBounds" fullname="CompatibilityTests.PlayerMovement_RemainsInsideConfiguredBounds" methodname="PlayerMovement_RemainsInsideConfiguredBounds" classname="CompatibilityTests" runstate="Runnable" seed="663646614" result="Passed" start-time="2026-08-19 22:53:24Z" end-time="2026-08-19 22:53:24Z" duration="0.010624" asserts="0">
          <properties>
            <property name="_JOINTYPE" value="UnityCombinatorial" />
            <property name="retryIteration" value="0" />
            <property name="repeatIteration" value="0" />
          </properties>
        </test-case>
      </test-suite>
      <test-suite type="TestFixture" id="1009" name="DirectMovingTests" fullname="DirectMovingTests" classname="DirectMovingTests" runstate="Runnable" testcasecount="3" result="Passed" start-time="2026-08-19 22:53:24Z" end-time="2026-08-19 22:53:24Z" duration="0.031345" total="3" passed="3" failed="0" inconclusive="0" skipped="0" asserts="0">
        <properties />
        <test-case id="1012" name="DirectMoving_NegativeSpeed_MovesDownward" fullname="DirectMovingTests.DirectMoving_NegativeSpeed_MovesDownward" methodname="DirectMoving_NegativeSpeed_MovesDownward" classname="DirectMovingTests" runstate="Runnable" seed="300450574" result="Passed" start-time="2026-08-19 22:53:24Z" end-time="2026-08-19 22:53:24Z" duration="0.010014" asserts="0">
          <properties>
            <property name="_JOINTYPE" value="UnityCombinatorial" />
            <property name="retryIteration" value="0" />
            <property name="repeatIteration" value="0" />
          </properties>
        </test-case>
        <test-case id="1010" name="DirectMoving_PositiveSpeed_MovesUpward" fullname="DirectMovingTests.DirectMoving_PositiveSpeed_MovesUpward" methodname="DirectMoving_PositiveSpeed_MovesUpward" classname="DirectMovingTests" runstate="Runnable" seed="249236023" result="Passed" start-time="2026-08-19 22:53:24Z" end-time="2026-08-19 22:53:24Z" duration="0.008395" asserts="0">
          <properties>
            <property name="_JOINTYPE" value="UnityCombinatorial" />
            <property name="retryIteration" value="0" />
            <property name="repeatIteration" value="0" />
          </properties>
        </test-case>
        <test-case id="1011" name="DirectMoving_ZeroSpeed_DoesNotMove" fullname="DirectMovingTests.DirectMoving_ZeroSpeed_DoesNotMove" methodname="DirectMoving_ZeroSpeed_DoesNotMove" classname="DirectMovingTests" runstate="Runnable" seed="157789775" result="Passed" start-time="2026-08-19 22:53:24Z" end-time="2026-08-19 22:53:24Z" duration="0.009515" asserts="0">
          <properties>
            <property name="_JOINTYPE" value="UnityCombinatorial" />
            <property name="retryIteration" value="0" />
            <property name="repeatIteration" value="0" />
          </properties>
        </test-case>
      </test-suite>
      <test-suite type="TestFixture" id="1013" name="EnemyFunctionalTests" fullname="EnemyFunctionalTests" classname="EnemyFunctionalTests" runstate="Runnable" testcasecount="4" result="Passed" start-time="2026-08-19 22:53:24Z" end-time="2026-08-19 22:53:24Z" duration="0.039648" total="4" passed="4" failed="0" inconclusive="0" skipped="0" asserts="0">
        <properties />
        <test-case id="1016" name="Enemy_LethalDamage_DestroysEnemy" fullname="EnemyFunctionalTests.Enemy_LethalDamage_DestroysEnemy" methodname="Enemy_LethalDamage_DestroysEnemy" classname="EnemyFunctionalTests" runstate="Runnable" seed="616385151" result="Passed" start-time="2026-08-19 22:53:24Z" end-time="2026-08-19 22:53:24Z" duration="0.010572" asserts="0">
          <properties>
            <property name="_JOINTYPE" value="UnityCombinatorial" />
            <property name="retryIteration" value="0" />
            <property name="repeatIteration" value="0" />
          </properties>
        </test-case>
        <test-case id="1017" name="Enemy_NonLethalDamage_CreatesHitEffect" fullname="EnemyFunctionalTests.Enemy_NonLethalDamage_CreatesHitEffect" methodname="Enemy_NonLethalDamage_CreatesHitEffect" classname="EnemyFunctionalTests" runstate="Runnable" seed="248489086" result="Passed" start-time="2026-08-19 22:53:24Z" end-time="2026-08-19 22:53:24Z" duration="0.009094" asserts="0">
          <properties>
            <property name="_JOINTYPE" value="UnityCombinatorial" />
            <property name="retryIteration" value="0" />
            <property name="repeatIteration" value="0" />
          </properties>
        </test-case>
        <test-case id="1015" name="Enemy_NonLethalDamage_ReducesHealth" fullname="EnemyFunctionalTests.Enemy_NonLethalDamage_ReducesHealth" methodname="Enemy_NonLethalDamage_ReducesHealth" classname="EnemyFunctionalTests" runstate="Runnable" seed="1403675122" result="Passed" start-time="2026-08-19 22:53:24Z" end-time="2026-08-19 22:53:24Z" duration="0.008131" asserts="0">
          <properties>
            <property name="_JOINTYPE" value="UnityCombinatorial" />
            <property name="retryIteration" value="0" />
            <property name="repeatIteration" value="0" />
          </properties>
        </test-case>
        <test-case id="1014" name="Enemy_StartsWithConfiguredHealth" fullname="EnemyFunctionalTests.Enemy_StartsWithConfiguredHealth" methodname="Enemy_StartsWithConfiguredHealth" classname="EnemyFunctionalTests" runstate="Runnable" seed="1765734632" result="Passed" start-time="2026-08-19 22:53:24Z" end-time="2026-08-19 22:53:24Z" duration="0.008316" asserts="0">
          <properties>
            <property name="_JOINTYPE" value="UnityCombinatorial" />
            <property name="retryIteration" value="0" />
            <property name="repeatIteration" value="0" />
          </properties>
        </test-case>
      </test-suite>
      <test-suite type="TestFixture" id="1018" name="FollowThePathFunctionalTests" fullname="FollowThePathFunctionalTests" classname="FollowThePathFunctionalTests" runstate="Runnable" testcasecount="6" result="Passed" start-time="2026-08-19 22:53:24Z" end-time="2026-08-19 22:53:27Z" duration="3.158690" total="6" passed="6" failed="0" inconclusive="0" skipped="0" asserts="0">
        <properties />
        <test-case id="1021" name="FollowThePath_MovesWhenMovementIsActive" fullname="FollowThePathFunctionalTests.FollowThePath_MovesWhenMovementIsActive" methodname="FollowThePath_MovesWhenMovementIsActive" classname="FollowThePathFunctionalTests" runstate="Runnable" seed="309537022" result="Passed" start-time="2026-08-19 22:53:24Z" end-time="2026-08-19 22:53:24Z" duration="0.109532" asserts="0">
          <properties>
            <property name="_JOINTYPE" value="UnityCombinatorial" />
            <property name="retryIteration" value="0" />
            <property name="repeatIteration" value="0" />
          </properties>
        </test-case>
        <test-case id="1024" name="LoopDisabled_DestroysEnemyAfterPathCompletion" fullname="FollowThePathFunctionalTests.LoopDisabled_DestroysEnemyAfterPathCompletion" methodname="LoopDisabled_DestroysEnemyAfterPathCompletion" classname="FollowThePathFunctionalTests" runstate="Runnable" seed="993461836" result="Passed" start-time="2026-08-19 22:53:24Z" end-time="2026-08-19 22:53:26Z" duration="2.009858" asserts="0">
          <properties>
            <property name="_JOINTYPE" value="UnityCombinatorial" />
            <property name="retryIteration" value="0" />
            <property name="repeatIteration" value="0" />
          </properties>
        </test-case>
        <test-case id="1023" name="LoopEnabled_LeavesEnemyActiveAfterPathProgress" fullname="FollowThePathFunctionalTests.LoopEnabled_LeavesEnemyActiveAfterPathProgress" methodname="LoopEnabled_LeavesEnemyActiveAfterPathProgress" classname="FollowThePathFunctionalTests" runstate="Runnable" seed="375615190" result="Passed" start-time="2026-08-19 22:53:26Z" end-time="2026-08-19 22:53:27Z" duration="1.009793" asserts="0">
          <properties>
            <property name="_JOINTYPE" value="UnityCombinatorial" />
            <property name="retryIteration" value="0" />
            <property name="repeatIteration" value="0" />
          </properties>
        </test-case>
        <test-case id="1022" name="RotationByPathFalse_ResetsRotationToIdentity" fullname="FollowThePathFunctionalTests.RotationByPathFalse_ResetsRotationToIdentity" methodname="RotationByPathFalse_ResetsRotationToIdentity" classname="FollowThePathFunctionalTests" runstate="Runnable" seed="1719428201" result="Passed" start-time="2026-08-19 22:53:27Z" end-time="2026-08-19 22:53:27Z" duration="0.008838" asserts="0">
          <properties>
            <property name="_JOINTYPE" value="UnityCombinatorial" />
            <property name="retryIteration" value="0" />
            <property name="repeatIteration" value="0" />
          </properties>
        </test-case>
        <test-case id="1019" name="SetPath_InitializesEnemyAtPathStart" fullname="FollowThePathFunctionalTests.SetPath_InitializesEnemyAtPathStart" methodname="SetPath_InitializesEnemyAtPathStart" classname="FollowThePathFunctionalTests" runstate="Runnable" seed="1200316286" result="Passed" start-time="2026-08-19 22:53:27Z" end-time="2026-08-19 22:53:27Z" duration="0.008770" asserts="0">
          <properties>
            <property name="_JOINTYPE" value="UnityCombinatorial" />
            <property name="retryIteration" value="0" />
            <property name="repeatIteration" value="0" />
          </properties>
        </test-case>
        <test-case id="1020" name="SetPath_StoresConfiguredPath" fullname="FollowThePathFunctionalTests.SetPath_StoresConfiguredPath" methodname="SetPath_StoresConfiguredPath" classname="FollowThePathFunctionalTests" runstate="Runnable" seed="604101266" result="Passed" start-time="2026-08-19 22:53:27Z" end-time="2026-08-19 22:53:27Z" duration="0.008012" asserts="0">
          <properties>
            <property name="_JOINTYPE" value="UnityCombinatorial" />
            <property name="retryIteration" value="0" />
            <property name="repeatIteration" value="0" />
          </properties>
        </test-case>
      </test-suite>
      <test-suite type="TestFixture" id="1025" name="LevelControllerFunctionalTests" fullname="LevelControllerFunctionalTests" classname="LevelControllerFunctionalTests" runstate="Runnable" testcasecount="4" result="Failed" site="Child" start-time="2026-08-19 22:53:27Z" end-time="2026-08-19 22:53:27Z" duration="0.348344" total="4" passed="3" failed="1" inconclusive="0" skipped="0" asserts="0">
        <properties />
        <failure>
          <message><![CDATA[One or more child tests had errors]]></message>
        </failure>
        <test-case id="1026" name="LevelController_InstantiatesConfiguredWave" fullname="LevelControllerFunctionalTests.LevelController_InstantiatesConfiguredWave" methodname="LevelController_InstantiatesConfiguredWave" classname="LevelControllerFunctionalTests" runstate="Runnable" seed="66064505" result="Passed" start-time="2026-08-19 22:53:27Z" end-time="2026-08-19 22:53:27Z" duration="0.215660" asserts="0">
          <properties>
            <property name="_JOINTYPE" value="UnityCombinatorial" />
            <property name="retryIteration" value="0" />
            <property name="repeatIteration" value="0" />
          </properties>
        </test-case>
        <test-case id="1027" name="LevelController_RespectsWaveStartDelay" fullname="LevelControllerFunctionalTests.LevelController_RespectsWaveStartDelay" methodname="LevelController_RespectsWaveStartDelay" classname="LevelControllerFunctionalTests" runstate="Runnable" seed="1732558740" result="Failed" start-time="2026-08-19 22:53:27Z" end-time="2026-08-19 22:53:27Z" duration="0.111229" asserts="0">
          <properties>
            <property name="_JOINTYPE" value="UnityCombinatorial" />
            <property name="retryIteration" value="0" />
            <property name="repeatIteration" value="0" />
          </properties>
          <failure>
            <message><![CDATA[  A delayed wave should not have been created immediately.
  Expected: False
  But was:  True
]]></message>
            <stack-trace><![CDATA[at LevelControllerFunctionalTests+<LevelController_RespectsWaveStartDelay>d__10.MoveNext () [0x000a7] in C:\Users\User\Documents\GitHub\QA_SpaceShooter\Assets\Tests\PlayMode\Functional\LevelControllerFunctionalTests.cs:176
at UnityEngine.TestTools.TestEnumerator+<Execute>d__7.MoveNext () [0x0003a] in .\Library\PackageCache\com.unity.test-framework@5ac417e07314\UnityEngine.TestRunner\NUnitExtensions\Attributes\TestEnumerator.cs:44
]]></stack-trace>
          </failure>
        </test-case>
        <test-case id="1028" name="LevelController_UsesConfiguredPlanetSpeed" fullname="LevelControllerFunctionalTests.LevelController_UsesConfiguredPlanetSpeed" methodname="LevelController_UsesConfiguredPlanetSpeed" classname="LevelControllerFunctionalTests" runstate="Runnable" seed="1342322281" result="Passed" start-time="2026-08-19 22:53:27Z" end-time="2026-08-19 22:53:27Z" duration="0.009506" asserts="0">
          <properties>
            <property name="_JOINTYPE" value="UnityCombinatorial" />
            <property name="retryIteration" value="0" />
            <property name="repeatIteration" value="0" />
          </properties>
        </test-case>
        <test-case id="1029" name="LevelController_UsesConfiguredPowerupInterval" fullname="LevelControllerFunctionalTests.LevelController_UsesConfiguredPowerupInterval" methodname="LevelController_UsesConfiguredPowerupInterval" classname="LevelControllerFunctionalTests" runstate="Runnable" seed="2050876717" result="Passed" start-time="2026-08-19 22:53:27Z" end-time="2026-08-19 22:53:27Z" duration="0.008422" asserts="0">
          <properties>
            <property name="_JOINTYPE" value="UnityCombinatorial" />
            <property name="retryIteration" value="0" />
            <property name="repeatIteration" value="0" />
          </properties>
        </test-case>
      </test-suite>
      <test-suite type="TestFixture" id="1080" name="LoadTests" fullname="LoadTests" classname="LoadTests" runstate="Runnable" testcasecount="4" result="Passed" start-time="2026-08-19 22:53:27Z" end-time="2026-08-19 22:53:29Z" duration="2.058025" total="4" passed="4" failed="0" inconclusive="0" skipped="0" asserts="0">
        <properties />
        <test-case id="1083" name="FullGameplayWorkload_RemainsStable" fullname="LoadTests.FullGameplayWorkload_RemainsStable" methodname="FullGameplayWorkload_RemainsStable" classname="LoadTests" runstate="Runnable" seed="1361256779" result="Passed" start-time="2026-08-19 22:53:27Z" end-time="2026-08-19 22:53:28Z" duration="1.014417" asserts="0">
          <properties>
            <property name="_JOINTYPE" value="UnityCombinatorial" />
            <property name="retryIteration" value="0" />
            <property name="repeatIteration" value="0" />
          </properties>
        </test-case>
        <test-case id="1081" name="ManyProjectiles_CanExistSimultaneously" fullname="LoadTests.ManyProjectiles_CanExistSimultaneously" methodname="ManyProjectiles_CanExistSimultaneously" classname="LoadTests" runstate="Runnable" seed="1835070597" result="Passed" start-time="2026-08-19 22:53:28Z" end-time="2026-08-19 22:53:28Z" duration="0.013984" asserts="0">
          <properties>
            <property name="_JOINTYPE" value="UnityCombinatorial" />
            <property name="retryIteration" value="0" />
            <property name="repeatIteration" value="0" />
          </properties>
        </test-case>
        <test-case id="1082" name="MultipleSimultaneousWaves_RemainStable" fullname="LoadTests.MultipleSimultaneousWaves_RemainStable" methodname="MultipleSimultaneousWaves_RemainStable" classname="LoadTests" runstate="Runnable" seed="916389664" result="Passed" start-time="2026-08-19 22:53:28Z" end-time="2026-08-19 22:53:29Z" duration="1.011710" asserts="0">
          <properties>
            <property name="_JOINTYPE" value="UnityCombinatorial" />
            <property name="retryIteration" value="0" />
            <property name="repeatIteration" value="0" />
          </properties>
        </test-case>
        <test-case id="1084" name="PoolingController_RemainsStableUnderRepeatedRequests" fullname="LoadTests.PoolingController_RemainsStableUnderRepeatedRequests" methodname="PoolingController_RemainsStableUnderRepeatedRequests" classname="LoadTests" runstate="Runnable" seed="1919331153" result="Passed" start-time="2026-08-19 22:53:29Z" end-time="2026-08-19 22:53:29Z" duration="0.014120" asserts="0">
          <properties>
            <property name="_JOINTYPE" value="UnityCombinatorial" />
            <property name="retryIteration" value="0" />
            <property name="repeatIteration" value="0" />
          </properties>
        </test-case>
      </test-suite>
      <test-suite type="TestFixture" id="1030" name="PlayerMovingFunctionalTests" fullname="PlayerMovingFunctionalTests" classname="PlayerMovingFunctionalTests" runstate="Runnable" testcasecount="5" result="Passed" start-time="2026-08-19 22:53:29Z" end-time="2026-08-19 22:53:29Z" duration="0.043829" total="5" passed="5" failed="0" inconclusive="0" skipped="0" asserts="0">
        <properties />
        <test-case id="1031" name="PlayerMoving_CalculatesMovementBorders" fullname="PlayerMovingFunctionalTests.PlayerMoving_CalculatesMovementBorders" methodname="PlayerMoving_CalculatesMovementBorders" classname="PlayerMovingFunctionalTests" runstate="Runnable" seed="1545726935" result="Passed" start-time="2026-08-19 22:53:29Z" end-time="2026-08-19 22:53:29Z" duration="0.008485" asserts="0">
          <properties>
            <property name="_JOINTYPE" value="UnityCombinatorial" />
            <property name="retryIteration" value="0" />
            <property name="repeatIteration" value="0" />
          </properties>
        </test-case>
        <test-case id="1033" name="PlayerMoving_ClampsMaximumX" fullname="PlayerMovingFunctionalTests.PlayerMoving_ClampsMaximumX" methodname="PlayerMoving_ClampsMaximumX" classname="PlayerMovingFunctionalTests" runstate="Runnable" seed="718335281" result="Passed" start-time="2026-08-19 22:53:29Z" end-time="2026-08-19 22:53:29Z" duration="0.008515" asserts="0">
          <properties>
            <property name="_JOINTYPE" value="UnityCombinatorial" />
            <property name="retryIteration" value="0" />
            <property name="repeatIteration" value="0" />
          </properties>
        </test-case>
        <test-case id="1035" name="PlayerMoving_ClampsMaximumY" fullname="PlayerMovingFunctionalTests.PlayerMoving_ClampsMaximumY" methodname="PlayerMoving_ClampsMaximumY" classname="PlayerMovingFunctionalTests" runstate="Runnable" seed="1002470583" result="Passed" start-time="2026-08-19 22:53:29Z" end-time="2026-08-19 22:53:29Z" duration="0.007895" asserts="0">
          <properties>
            <property name="_JOINTYPE" value="UnityCombinatorial" />
            <property name="retryIteration" value="0" />
            <property name="repeatIteration" value="0" />
          </properties>
        </test-case>
        <test-case id="1032" name="PlayerMoving_ClampsMinimumX" fullname="PlayerMovingFunctionalTests.PlayerMoving_ClampsMinimumX" methodname="PlayerMoving_ClampsMinimumX" classname="PlayerMovingFunctionalTests" runstate="Runnable" seed="2018068630" result="Passed" start-time="2026-08-19 22:53:29Z" end-time="2026-08-19 22:53:29Z" duration="0.007823" asserts="0">
          <properties>
            <property name="_JOINTYPE" value="UnityCombinatorial" />
            <property name="retryIteration" value="0" />
            <property name="repeatIteration" value="0" />
          </properties>
        </test-case>
        <test-case id="1034" name="PlayerMoving_ClampsMinimumY" fullname="PlayerMovingFunctionalTests.PlayerMoving_ClampsMinimumY" methodname="PlayerMoving_ClampsMinimumY" classname="PlayerMovingFunctionalTests" runstate="Runnable" seed="162007160" result="Passed" start-time="2026-08-19 22:53:29Z" end-time="2026-08-19 22:53:29Z" duration="0.007856" asserts="0">
          <properties>
            <property name="_JOINTYPE" value="UnityCombinatorial" />
            <property name="retryIteration" value="0" />
            <property name="repeatIteration" value="0" />
          </properties>
        </test-case>
      </test-suite>
      <test-suite type="TestFixture" id="1096" name="PlayerRegressionTests" fullname="PlayerRegressionTests" classname="PlayerRegressionTests" runstate="Runnable" testcasecount="2" result="Passed" start-time="2026-08-19 22:53:29Z" end-time="2026-08-19 22:53:29Z" duration="0.020316" total="2" passed="2" failed="0" inconclusive="0" skipped="0" asserts="0">
        <properties />
        <test-case id="1098" name="Player_GetDamage_DestroysPlayer" fullname="PlayerRegressionTests.Player_GetDamage_DestroysPlayer" methodname="Player_GetDamage_DestroysPlayer" classname="PlayerRegressionTests" runstate="Runnable" seed="1851988592" result="Passed" start-time="2026-08-19 22:53:29Z" end-time="2026-08-19 22:53:29Z" duration="0.008792" asserts="0">
          <properties>
            <property name="_JOINTYPE" value="UnityCombinatorial" />
            <property name="retryIteration" value="0" />
            <property name="repeatIteration" value="0" />
          </properties>
        </test-case>
        <test-case id="1097" name="Player_Instance_IsAssigned" fullname="PlayerRegressionTests.Player_Instance_IsAssigned" methodname="Player_Instance_IsAssigned" classname="PlayerRegressionTests" runstate="Runnable" seed="910049913" result="Passed" start-time="2026-08-19 22:53:29Z" end-time="2026-08-19 22:53:29Z" duration="0.008448" asserts="0">
          <properties>
            <property name="_JOINTYPE" value="UnityCombinatorial" />
            <property name="retryIteration" value="0" />
            <property name="repeatIteration" value="0" />
          </properties>
        </test-case>
      </test-suite>
      <test-suite type="TestFixture" id="1036" name="PlayerShootingFunctionalTests" fullname="PlayerShootingFunctionalTests" classname="PlayerShootingFunctionalTests" runstate="Runnable" testcasecount="6" result="Failed" site="Child" start-time="2026-08-19 22:53:29Z" end-time="2026-08-19 22:53:30Z" duration="0.061825" total="6" passed="2" failed="4" inconclusive="0" skipped="0" asserts="0">
        <properties />
        <failure>
          <message><![CDATA[One or more child tests had errors]]></message>
        </failure>
        <test-case id="1042" name="FireRate_ControlsNextFireTime" fullname="PlayerShootingFunctionalTests.FireRate_ControlsNextFireTime" methodname="FireRate_ControlsNextFireTime" classname="PlayerShootingFunctionalTests" runstate="Runnable" seed="1598945646" result="Passed" start-time="2026-08-19 22:53:29Z" end-time="2026-08-19 22:53:29Z" duration="0.010225" asserts="0">
          <properties>
            <property name="_JOINTYPE" value="UnityCombinatorial" />
            <property name="retryIteration" value="0" />
            <property name="repeatIteration" value="0" />
          </properties>
        </test-case>
        <test-case id="1041" name="WeaponPower_IsLimitedToConfiguredMaximum" fullname="PlayerShootingFunctionalTests.WeaponPower_IsLimitedToConfiguredMaximum" methodname="WeaponPower_IsLimitedToConfiguredMaximum" classname="PlayerShootingFunctionalTests" runstate="Runnable" seed="212723335" result="Passed" start-time="2026-08-19 22:53:29Z" end-time="2026-08-19 22:53:29Z" duration="0.008733" asserts="0">
          <properties>
            <property name="_JOINTYPE" value="UnityCombinatorial" />
            <property name="retryIteration" value="0" />
            <property name="repeatIteration" value="0" />
          </properties>
        </test-case>
        <test-case id="1037" name="WeaponPower1_CreatesOneProjectile" fullname="PlayerShootingFunctionalTests.WeaponPower1_CreatesOneProjectile" methodname="WeaponPower1_CreatesOneProjectile" classname="PlayerShootingFunctionalTests" runstate="Runnable" seed="70889621" result="Failed" start-time="2026-08-19 22:53:29Z" end-time="2026-08-19 22:53:29Z" duration="0.009430" asserts="0">
          <properties>
            <property name="_JOINTYPE" value="UnityCombinatorial" />
            <property name="retryIteration" value="0" />
            <property name="repeatIteration" value="0" />
          </properties>
          <failure>
            <message><![CDATA[  Weapon Power 1 should create exactly one projectile.
  Expected: 1
  But was:  2
]]></message>
            <stack-trace><![CDATA[at PlayerShootingFunctionalTests+<WeaponPower1_CreatesOneProjectile>d__7.MoveNext () [0x00063] in C:\Users\User\Documents\GitHub\QA_SpaceShooter\Assets\Tests\PlayMode\Functional\PlayerShootingFunctionalTests.cs:83
at UnityEngine.TestTools.TestEnumerator+<Execute>d__7.MoveNext () [0x0003a] in .\Library\PackageCache\com.unity.test-framework@5ac417e07314\UnityEngine.TestRunner\NUnitExtensions\Attributes\TestEnumerator.cs:44
]]></stack-trace>
          </failure>
        </test-case>
        <test-case id="1038" name="WeaponPower2_CreatesTwoProjectiles" fullname="PlayerShootingFunctionalTests.WeaponPower2_CreatesTwoProjectiles" methodname="WeaponPower2_CreatesTwoProjectiles" classname="PlayerShootingFunctionalTests" runstate="Runnable" seed="738144495" result="Failed" start-time="2026-08-19 22:53:29Z" end-time="2026-08-19 22:53:29Z" duration="0.011361" asserts="0">
          <properties>
            <property name="_JOINTYPE" value="UnityCombinatorial" />
            <property name="retryIteration" value="0" />
            <property name="repeatIteration" value="0" />
          </properties>
          <failure>
            <message><![CDATA[  Weapon Power 2 should create exactly two projectiles.
  Expected: 2
  But was:  4
]]></message>
            <stack-trace><![CDATA[at PlayerShootingFunctionalTests+<WeaponPower2_CreatesTwoProjectiles>d__8.MoveNext () [0x00063] in C:\Users\User\Documents\GitHub\QA_SpaceShooter\Assets\Tests\PlayMode\Functional\PlayerShootingFunctionalTests.cs:107
at UnityEngine.TestTools.TestEnumerator+<Execute>d__7.MoveNext () [0x0003a] in .\Library\PackageCache\com.unity.test-framework@5ac417e07314\UnityEngine.TestRunner\NUnitExtensions\Attributes\TestEnumerator.cs:44
]]></stack-trace>
          </failure>
        </test-case>
        <test-case id="1039" name="WeaponPower3_CreatesThreeProjectiles" fullname="PlayerShootingFunctionalTests.WeaponPower3_CreatesThreeProjectiles" methodname="WeaponPower3_CreatesThreeProjectiles" classname="PlayerShootingFunctionalTests" runstate="Runnable" seed="1398192680" result="Failed" start-time="2026-08-19 22:53:29Z" end-time="2026-08-19 22:53:29Z" duration="0.009660" asserts="0">
          <properties>
            <property name="_JOINTYPE" value="UnityCombinatorial" />
            <property name="retryIteration" value="0" />
            <property name="repeatIteration" value="0" />
          </properties>
          <failure>
            <message><![CDATA[  Weapon Power 3 should create exactly three projectiles.
  Expected: 3
  But was:  6
]]></message>
            <stack-trace><![CDATA[at PlayerShootingFunctionalTests+<WeaponPower3_CreatesThreeProjectiles>d__9.MoveNext () [0x00063] in C:\Users\User\Documents\GitHub\QA_SpaceShooter\Assets\Tests\PlayMode\Functional\PlayerShootingFunctionalTests.cs:131
at UnityEngine.TestTools.TestEnumerator+<Execute>d__7.MoveNext () [0x0003a] in .\Library\PackageCache\com.unity.test-framework@5ac417e07314\UnityEngine.TestRunner\NUnitExtensions\Attributes\TestEnumerator.cs:44
]]></stack-trace>
          </failure>
        </test-case>
        <test-case id="1040" name="WeaponPower4_CreatesSixProjectiles" fullname="PlayerShootingFunctionalTests.WeaponPower4_CreatesSixProjectiles" methodname="WeaponPower4_CreatesSixProjectiles" classname="PlayerShootingFunctionalTests" runstate="Runnable" seed="597475244" result="Failed" start-time="2026-08-19 22:53:29Z" end-time="2026-08-19 22:53:30Z" duration="0.008922" asserts="0">
          <properties>
            <property name="_JOINTYPE" value="UnityCombinatorial" />
            <property name="retryIteration" value="0" />
            <property name="repeatIteration" value="0" />
          </properties>
          <failure>
            <message><![CDATA[  Weapon Power 4 should create exactly six projectiles.
  Expected: 6
  But was:  10
]]></message>
            <stack-trace><![CDATA[at PlayerShootingFunctionalTests+<WeaponPower4_CreatesSixProjectiles>d__10.MoveNext () [0x00063] in C:\Users\User\Documents\GitHub\QA_SpaceShooter\Assets\Tests\PlayMode\Functional\PlayerShootingFunctionalTests.cs:155
at UnityEngine.TestTools.TestEnumerator+<Execute>d__7.MoveNext () [0x0003a] in .\Library\PackageCache\com.unity.test-framework@5ac417e07314\UnityEngine.TestRunner\NUnitExtensions\Attributes\TestEnumerator.cs:44
]]></stack-trace>
          </failure>
        </test-case>
      </test-suite>
      <test-suite type="TestFixture" id="1043" name="PoolingControllerFunctionalTests" fullname="PoolingControllerFunctionalTests" classname="PoolingControllerFunctionalTests" runstate="Runnable" testcasecount="4" result="Passed" start-time="2026-08-19 22:53:30Z" end-time="2026-08-19 22:53:30Z" duration="0.037355" total="4" passed="4" failed="0" inconclusive="0" skipped="0" asserts="0">
        <properties />
        <test-case id="1046" name="GetPoolingObject_AddsObject_WhenPoolIsExhausted" fullname="PoolingControllerFunctionalTests.GetPoolingObject_AddsObject_WhenPoolIsExhausted" methodname="GetPoolingObject_AddsObject_WhenPoolIsExhausted" classname="PoolingControllerFunctionalTests" runstate="Runnable" seed="922647326" result="Passed" start-time="2026-08-19 22:53:30Z" end-time="2026-08-19 22:53:30Z" duration="0.008568" asserts="0">
          <properties>
            <property name="_JOINTYPE" value="UnityCombinatorial" />
            <property name="retryIteration" value="0" />
            <property name="repeatIteration" value="0" />
          </properties>
        </test-case>
        <test-case id="1045" name="GetPoolingObject_ReturnsInactivePooledObject" fullname="PoolingControllerFunctionalTests.GetPoolingObject_ReturnsInactivePooledObject" methodname="GetPoolingObject_ReturnsInactivePooledObject" classname="PoolingControllerFunctionalTests" runstate="Runnable" seed="363343933" result="Passed" start-time="2026-08-19 22:53:30Z" end-time="2026-08-19 22:53:30Z" duration="0.008606" asserts="0">
          <properties>
            <property name="_JOINTYPE" value="UnityCombinatorial" />
            <property name="retryIteration" value="0" />
            <property name="repeatIteration" value="0" />
          </properties>
        </test-case>
        <test-case id="1044" name="PoolingController_CreatesConfiguredInitialPool" fullname="PoolingControllerFunctionalTests.PoolingController_CreatesConfiguredInitialPool" methodname="PoolingController_CreatesConfiguredInitialPool" classname="PoolingControllerFunctionalTests" runstate="Runnable" seed="2115779315" result="Passed" start-time="2026-08-19 22:53:30Z" end-time="2026-08-19 22:53:30Z" duration="0.008128" asserts="0">
          <properties>
            <property name="_JOINTYPE" value="UnityCombinatorial" />
            <property name="retryIteration" value="0" />
            <property name="repeatIteration" value="0" />
          </properties>
        </test-case>
        <test-case id="1047" name="ReturnedInactiveObject_CanBeRetrievedAgain" fullname="PoolingControllerFunctionalTests.ReturnedInactiveObject_CanBeRetrievedAgain" methodname="ReturnedInactiveObject_CanBeRetrievedAgain" classname="PoolingControllerFunctionalTests" runstate="Runnable" seed="1689402607" result="Passed" start-time="2026-08-19 22:53:30Z" end-time="2026-08-19 22:53:30Z" duration="0.008875" asserts="0">
          <properties>
            <property name="_JOINTYPE" value="UnityCombinatorial" />
            <property name="retryIteration" value="0" />
            <property name="repeatIteration" value="0" />
          </properties>
        </test-case>
      </test-suite>
      <test-suite type="TestFixture" id="1048" name="ProjectileFunctionalTests" fullname="ProjectileFunctionalTests" classname="ProjectileFunctionalTests" runstate="Runnable" testcasecount="6" result="Passed" start-time="2026-08-19 22:53:30Z" end-time="2026-08-19 22:53:30Z" duration="0.055139" total="6" passed="6" failed="0" inconclusive="0" skipped="0" asserts="0">
        <properties />
        <test-case id="1050" name="EnemyProjectile_DamagesPlayer" fullname="ProjectileFunctionalTests.EnemyProjectile_DamagesPlayer" methodname="EnemyProjectile_DamagesPlayer" classname="ProjectileFunctionalTests" runstate="Runnable" seed="1750735990" result="Passed" start-time="2026-08-19 22:53:30Z" end-time="2026-08-19 22:53:30Z" duration="0.009143" asserts="0">
          <properties>
            <property name="_JOINTYPE" value="UnityCombinatorial" />
            <property name="retryIteration" value="0" />
            <property name="repeatIteration" value="0" />
          </properties>
        </test-case>
        <test-case id="1052" name="EnemyProjectile_DoesNotDamageEnemy" fullname="ProjectileFunctionalTests.EnemyProjectile_DoesNotDamageEnemy" methodname="EnemyProjectile_DoesNotDamageEnemy" classname="ProjectileFunctionalTests" runstate="Runnable" seed="1206470332" result="Passed" start-time="2026-08-19 22:53:30Z" end-time="2026-08-19 22:53:30Z" duration="0.008269" asserts="0">
          <properties>
            <property name="_JOINTYPE" value="UnityCombinatorial" />
            <property name="retryIteration" value="0" />
            <property name="repeatIteration" value="0" />
          </properties>
        </test-case>
        <test-case id="1049" name="PlayerProjectile_DamagesEnemy" fullname="ProjectileFunctionalTests.PlayerProjectile_DamagesEnemy" methodname="PlayerProjectile_DamagesEnemy" classname="ProjectileFunctionalTests" runstate="Runnable" seed="1568203161" result="Passed" start-time="2026-08-19 22:53:30Z" end-time="2026-08-19 22:53:30Z" duration="0.008270" asserts="0">
          <properties>
            <property name="_JOINTYPE" value="UnityCombinatorial" />
            <property name="retryIteration" value="0" />
            <property name="repeatIteration" value="0" />
          </properties>
        </test-case>
        <test-case id="1051" name="PlayerProjectile_DoesNotDamagePlayer" fullname="ProjectileFunctionalTests.PlayerProjectile_DoesNotDamagePlayer" methodname="PlayerProjectile_DoesNotDamagePlayer" classname="ProjectileFunctionalTests" runstate="Runnable" seed="1677734192" result="Passed" start-time="2026-08-19 22:53:30Z" end-time="2026-08-19 22:53:30Z" duration="0.008821" asserts="0">
          <properties>
            <property name="_JOINTYPE" value="UnityCombinatorial" />
            <property name="retryIteration" value="0" />
            <property name="repeatIteration" value="0" />
          </properties>
        </test-case>
        <test-case id="1053" name="Projectile_IsDestroyed_WhenDestroyedByCollisionIsTrue" fullname="ProjectileFunctionalTests.Projectile_IsDestroyed_WhenDestroyedByCollisionIsTrue" methodname="Projectile_IsDestroyed_WhenDestroyedByCollisionIsTrue" classname="ProjectileFunctionalTests" runstate="Runnable" seed="2068598966" result="Passed" start-time="2026-08-19 22:53:30Z" end-time="2026-08-19 22:53:30Z" duration="0.008670" asserts="0">
          <properties>
            <property name="_JOINTYPE" value="UnityCombinatorial" />
            <property name="retryIteration" value="0" />
            <property name="repeatIteration" value="0" />
          </properties>
        </test-case>
        <test-case id="1054" name="Projectile_Remains_WhenDestroyedByCollisionIsFalse" fullname="ProjectileFunctionalTests.Projectile_Remains_WhenDestroyedByCollisionIsFalse" methodname="Projectile_Remains_WhenDestroyedByCollisionIsFalse" classname="ProjectileFunctionalTests" runstate="Runnable" seed="137307399" result="Passed" start-time="2026-08-19 22:53:30Z" end-time="2026-08-19 22:53:30Z" duration="0.008482" asserts="0">
          <properties>
            <property name="_JOINTYPE" value="UnityCombinatorial" />
            <property name="retryIteration" value="0" />
            <property name="repeatIteration" value="0" />
          </properties>
        </test-case>
      </test-suite>
      <test-suite type="TestFixture" id="1055" name="RepeatingBackgroundFunctionalTests" fullname="RepeatingBackgroundFunctionalTests" classname="RepeatingBackgroundFunctionalTests" runstate="Runnable" testcasecount="3" result="Passed" start-time="2026-08-19 22:53:30Z" end-time="2026-08-19 22:53:30Z" duration="0.029668" total="3" passed="3" failed="0" inconclusive="0" skipped="0" asserts="0">
        <properties />
        <test-case id="1056" name="Background_DoesNotReposition_AboveThreshold" fullname="RepeatingBackgroundFunctionalTests.Background_DoesNotReposition_AboveThreshold" methodname="Background_DoesNotReposition_AboveThreshold" classname="RepeatingBackgroundFunctionalTests" runstate="Runnable" seed="302110422" result="Passed" start-time="2026-08-19 22:53:30Z" end-time="2026-08-19 22:53:30Z" duration="0.008781" asserts="0">
          <properties>
            <property name="_JOINTYPE" value="UnityCombinatorial" />
            <property name="retryIteration" value="0" />
            <property name="repeatIteration" value="0" />
          </properties>
        </test-case>
        <test-case id="1058" name="Background_RepositionDistance_EqualsTwiceVerticalSize" fullname="RepeatingBackgroundFunctionalTests.Background_RepositionDistance_EqualsTwiceVerticalSize" methodname="Background_RepositionDistance_EqualsTwiceVerticalSize" classname="RepeatingBackgroundFunctionalTests" runstate="Runnable" seed="529872441" result="Passed" start-time="2026-08-19 22:53:30Z" end-time="2026-08-19 22:53:30Z" duration="0.009244" asserts="0">
          <properties>
            <property name="_JOINTYPE" value="UnityCombinatorial" />
            <property name="retryIteration" value="0" />
            <property name="repeatIteration" value="0" />
          </properties>
        </test-case>
        <test-case id="1057" name="Background_Repositions_WhenBelowThreshold" fullname="RepeatingBackgroundFunctionalTests.Background_Repositions_WhenBelowThreshold" methodname="Background_Repositions_WhenBelowThreshold" classname="RepeatingBackgroundFunctionalTests" runstate="Runnable" seed="723841637" result="Passed" start-time="2026-08-19 22:53:30Z" end-time="2026-08-19 22:53:30Z" duration="0.008188" asserts="0">
          <properties>
            <property name="_JOINTYPE" value="UnityCombinatorial" />
            <property name="retryIteration" value="0" />
            <property name="repeatIteration" value="0" />
          </properties>
        </test-case>
      </test-suite>
      <test-suite type="TestFixture" id="1085" name="StressTests" fullname="StressTests" classname="StressTests" runstate="Runnable" testcasecount="4" result="Passed" start-time="2026-08-19 22:53:30Z" end-time="2026-08-19 22:53:32Z" duration="2.602159" total="4" passed="4" failed="0" inconclusive="0" skipped="0" asserts="0">
        <properties />
        <test-case id="1086" name="ExtremeProjectileCount_RemainsStable" fullname="StressTests.ExtremeProjectileCount_RemainsStable" methodname="ExtremeProjectileCount_RemainsStable" classname="StressTests" runstate="Runnable" seed="1141263341" result="Passed" start-time="2026-08-19 22:53:30Z" end-time="2026-08-19 22:53:30Z" duration="0.027398" asserts="0">
          <properties>
            <property name="_JOINTYPE" value="UnityCombinatorial" />
            <property name="retryIteration" value="0" />
            <property name="repeatIteration" value="0" />
          </properties>
        </test-case>
        <test-case id="1087" name="ExtremeWaveGeneration_RemainsStable" fullname="StressTests.ExtremeWaveGeneration_RemainsStable" methodname="ExtremeWaveGeneration_RemainsStable" classname="StressTests" runstate="Runnable" seed="664881373" result="Passed" start-time="2026-08-19 22:53:30Z" end-time="2026-08-19 22:53:32Z" duration="2.013133" asserts="0">
          <properties>
            <property name="_JOINTYPE" value="UnityCombinatorial" />
            <property name="retryIteration" value="0" />
            <property name="repeatIteration" value="0" />
          </properties>
        </test-case>
        <test-case id="1088" name="HeavyLevelConfiguration_RemainsStable" fullname="StressTests.HeavyLevelConfiguration_RemainsStable" methodname="HeavyLevelConfiguration_RemainsStable" classname="StressTests" runstate="Runnable" seed="745475086" result="Passed" start-time="2026-08-19 22:53:32Z" end-time="2026-08-19 22:53:32Z" duration="0.513826" asserts="0">
          <properties>
            <property name="_JOINTYPE" value="UnityCombinatorial" />
            <property name="retryIteration" value="0" />
            <property name="repeatIteration" value="0" />
          </properties>
        </test-case>
        <test-case id="1089" name="RepeatedObjectCreationAndDestruction_RemainsStable" fullname="StressTests.RepeatedObjectCreationAndDestruction_RemainsStable" methodname="RepeatedObjectCreationAndDestruction_RemainsStable" classname="StressTests" runstate="Runnable" seed="2048140050" result="Passed" start-time="2026-08-19 22:53:32Z" end-time="2026-08-19 22:53:32Z" duration="0.042062" asserts="0">
          <properties>
            <property name="_JOINTYPE" value="UnityCombinatorial" />
            <property name="retryIteration" value="0" />
            <property name="repeatIteration" value="0" />
          </properties>
        </test-case>
      </test-suite>
      <test-suite type="TestFixture" id="1090" name="UsabilityTests" fullname="UsabilityTests" classname="UsabilityTests" runstate="Runnable" testcasecount="5" result="Failed" site="Child" start-time="2026-08-19 22:53:32Z" end-time="2026-08-19 22:53:32Z" duration="0.006196" total="5" passed="4" failed="1" inconclusive="0" skipped="0" asserts="0">
        <properties />
        <failure>
          <message><![CDATA[One or more child tests had errors]]></message>
        </failure>
        <test-case id="1091" name="Player_HasMovementComponent" fullname="UsabilityTests.Player_HasMovementComponent" methodname="Player_HasMovementComponent" classname="UsabilityTests" runstate="Runnable" seed="1472747928" result="Passed" start-time="2026-08-19 22:53:32Z" end-time="2026-08-19 22:53:32Z" duration="0.000382" asserts="0">
          <properties>
            <property name="retryIteration" value="0" />
            <property name="repeatIteration" value="0" />
          </properties>
        </test-case>
        <test-case id="1092" name="Player_HasShootingComponent" fullname="UsabilityTests.Player_HasShootingComponent" methodname="Player_HasShootingComponent" classname="UsabilityTests" runstate="Runnable" seed="1691686608" result="Passed" start-time="2026-08-19 22:53:32Z" end-time="2026-08-19 22:53:32Z" duration="0.000198" asserts="0">
          <properties>
            <property name="retryIteration" value="0" />
            <property name="repeatIteration" value="0" />
          </properties>
        </test-case>
        <test-case id="1094" name="PlayerMoving_HasUsableScreenOffsets" fullname="UsabilityTests.PlayerMoving_HasUsableScreenOffsets" methodname="PlayerMoving_HasUsableScreenOffsets" classname="UsabilityTests" runstate="Runnable" seed="1331685645" result="Passed" start-time="2026-08-19 22:53:32Z" end-time="2026-08-19 22:53:32Z" duration="0.000210" asserts="0">
          <properties>
            <property name="retryIteration" value="0" />
            <property name="repeatIteration" value="0" />
          </properties>
        </test-case>
        <test-case id="1093" name="PlayerShooting_HasValidWeaponPowerRange" fullname="UsabilityTests.PlayerShooting_HasValidWeaponPowerRange" methodname="PlayerShooting_HasValidWeaponPowerRange" classname="UsabilityTests" runstate="Runnable" seed="624466311" result="Passed" start-time="2026-08-19 22:53:32Z" end-time="2026-08-19 22:53:32Z" duration="0.000307" asserts="0">
          <properties>
            <property name="retryIteration" value="0" />
            <property name="repeatIteration" value="0" />
          </properties>
        </test-case>
        <test-case id="1095" name="Wave_HasValidConfigurationFields" fullname="UsabilityTests.Wave_HasValidConfigurationFields" methodname="Wave_HasValidConfigurationFields" classname="UsabilityTests" runstate="Runnable" seed="1281456368" result="Failed" label="Error" start-time="2026-08-19 22:53:32Z" end-time="2026-08-19 22:53:32Z" duration="0.001520" asserts="0">
          <properties>
            <property name="retryIteration" value="0" />
            <property name="repeatIteration" value="0" />
          </properties>
          <failure>
            <message><![CDATA[System.NullReferenceException : Object reference not set to an instance of an object]]></message>
            <stack-trace><![CDATA[  at UsabilityTests.Wave_HasValidConfigurationFields () [0x0003d] in C:\Users\User\Documents\GitHub\QA_SpaceShooter\Assets\Tests\PlayMode\NonFunctional\Usability\UsabilityTests.cs:142 
  at (wrapper managed-to-native) System.Reflection.RuntimeMethodInfo.InternalInvoke(System.Reflection.RuntimeMethodInfo,object,object[],System.Exception&)
  at System.Reflection.RuntimeMethodInfo.Invoke (System.Object obj, System.Reflection.BindingFlags invokeAttr, System.Reflection.Binder binder, System.Object[] parameters, System.Globalization.CultureInfo culture) [0x0006a] in <13c0c460649d4ce49f991e2c222fa635>:0 ]]></stack-trace>
          </failure>
        </test-case>
      </test-suite>
      <test-suite type="TestFixture" id="1059" name="VisualEffectFunctionalTests" fullname="VisualEffectFunctionalTests" classname="VisualEffectFunctionalTests" runstate="Runnable" testcasecount="3" result="Failed" site="Child" start-time="2026-08-19 22:53:32Z" end-time="2026-08-19 22:53:32Z" duration="0.022219" total="3" passed="0" failed="3" inconclusive="0" skipped="0" asserts="0">
        <properties />
        <failure>
          <message><![CDATA[One or more child tests had errors]]></message>
        </failure>
        <test-case id="1061" name="VisualEffect_IsDestroyed_AfterDestructionTime" fullname="VisualEffectFunctionalTests.VisualEffect_IsDestroyed_AfterDestructionTime" methodname="VisualEffect_IsDestroyed_AfterDestructionTime" classname="VisualEffectFunctionalTests" runstate="Runnable" seed="834718985" result="Failed" label="Error" start-time="2026-08-19 22:53:32Z" end-time="2026-08-19 22:53:32Z" duration="0.006469" asserts="0">
          <properties>
            <property name="_JOINTYPE" value="UnityCombinatorial" />
            <property name="retryIteration" value="0" />
            <property name="repeatIteration" value="0" />
          </properties>
          <failure>
            <message><![CDATA[UnityEngine.MissingReferenceException : The object of type 'UnityEngine.GameObject' has been destroyed but you are still trying to access it.
Your script should either check if it is null or you should not destroy the object.]]></message>
            <stack-trace><![CDATA[  at UnityEngine.Object+MarshalledUnityObject.TryThrowEditorNullExceptionObject (UnityEngine.Object unityObj, System.String parameterName) [0x0006a] in <612ea0208cc847f49d539e6511ed3cd5>:0 
  at UnityEngine.Bindings.ThrowHelper.ThrowNullReferenceException (System.Object obj) [0x00010] in <612ea0208cc847f49d539e6511ed3cd5>:0 
  at UnityEngine.GameObject.GetComponentFastPath (System.Type type, System.IntPtr oneFurtherThanResultValue) [0x00006] in <612ea0208cc847f49d539e6511ed3cd5>:0 
  at UnityEngine.GameObject.GetComponent[T] () [0x00021] in <612ea0208cc847f49d539e6511ed3cd5>:0 
  at VisualEffectFunctionalTests+<VisualEffect_IsDestroyed_AfterDestructionTime>d__4.MoveNext () [0x0001e] in C:\Users\User\Documents\GitHub\QA_SpaceShooter\Assets\Tests\PlayMode\Functional\VisualEffectFunctionalTests.cs:49 
  at UnityEngine.TestTools.TestEnumerator+<Execute>d__7.MoveNext () [0x0003a] in .\Library\PackageCache\com.unity.test-framework@5ac417e07314\UnityEngine.TestRunner\NUnitExtensions\Attributes\TestEnumerator.cs:44 ]]></stack-trace>
          </failure>
        </test-case>
        <test-case id="1060" name="VisualEffect_RemainsActive_BeforeDestructionTime" fullname="VisualEffectFunctionalTests.VisualEffect_RemainsActive_BeforeDestructionTime" methodname="VisualEffect_RemainsActive_BeforeDestructionTime" classname="VisualEffectFunctionalTests" runstate="Runnable" seed="1382138038" result="Failed" label="Error" start-time="2026-08-19 22:53:32Z" end-time="2026-08-19 22:53:32Z" duration="0.006167" asserts="0">
          <properties>
            <property name="_JOINTYPE" value="UnityCombinatorial" />
            <property name="retryIteration" value="0" />
            <property name="repeatIteration" value="0" />
          </properties>
          <failure>
            <message><![CDATA[UnityEngine.MissingReferenceException : The object of type 'UnityEngine.GameObject' has been destroyed but you are still trying to access it.
Your script should either check if it is null or you should not destroy the object.]]></message>
            <stack-trace><![CDATA[  at UnityEngine.Object+MarshalledUnityObject.TryThrowEditorNullExceptionObject (UnityEngine.Object unityObj, System.String parameterName) [0x0006a] in <612ea0208cc847f49d539e6511ed3cd5>:0 
  at UnityEngine.Bindings.ThrowHelper.ThrowNullReferenceException (System.Object obj) [0x00010] in <612ea0208cc847f49d539e6511ed3cd5>:0 
  at UnityEngine.GameObject.GetComponentFastPath (System.Type type, System.IntPtr oneFurtherThanResultValue) [0x00006] in <612ea0208cc847f49d539e6511ed3cd5>:0 
  at UnityEngine.GameObject.GetComponent[T] () [0x00021] in <612ea0208cc847f49d539e6511ed3cd5>:0 
  at VisualEffectFunctionalTests+<VisualEffect_RemainsActive_BeforeDestructionTime>d__3.MoveNext () [0x0001e] in C:\Users\User\Documents\GitHub\QA_SpaceShooter\Assets\Tests\PlayMode\Functional\VisualEffectFunctionalTests.cs:31 
  at UnityEngine.TestTools.TestEnumerator+<Execute>d__7.MoveNext () [0x0003a] in .\Library\PackageCache\com.unity.test-framework@5ac417e07314\UnityEngine.TestRunner\NUnitExtensions\Attributes\TestEnumerator.cs:44 ]]></stack-trace>
          </failure>
        </test-case>
        <test-case id="1062" name="VisualEffect_StartsTimer_WhenEnabled" fullname="VisualEffectFunctionalTests.VisualEffect_StartsTimer_WhenEnabled" methodname="VisualEffect_StartsTimer_WhenEnabled" classname="VisualEffectFunctionalTests" runstate="Runnable" seed="2142093761" result="Failed" label="Error" start-time="2026-08-19 22:53:32Z" end-time="2026-08-19 22:53:32Z" duration="0.006247" asserts="0">
          <properties>
            <property name="_JOINTYPE" value="UnityCombinatorial" />
            <property name="retryIteration" value="0" />
            <property name="repeatIteration" value="0" />
          </properties>
          <failure>
            <message><![CDATA[UnityEngine.MissingReferenceException : The object of type 'UnityEngine.GameObject' has been destroyed but you are still trying to access it.
Your script should either check if it is null or you should not destroy the object.]]></message>
            <stack-trace><![CDATA[  at UnityEngine.Object+MarshalledUnityObject.TryThrowEditorNullExceptionObject (UnityEngine.Object unityObj, System.String parameterName) [0x0006a] in <612ea0208cc847f49d539e6511ed3cd5>:0 
  at UnityEngine.Bindings.ThrowHelper.ThrowNullReferenceException (System.Object obj) [0x00010] in <612ea0208cc847f49d539e6511ed3cd5>:0 
  at UnityEngine.GameObject.GetComponentFastPath (System.Type type, System.IntPtr oneFurtherThanResultValue) [0x00006] in <612ea0208cc847f49d539e6511ed3cd5>:0 
  at UnityEngine.GameObject.GetComponent[T] () [0x00021] in <612ea0208cc847f49d539e6511ed3cd5>:0 
  at VisualEffectFunctionalTests+<VisualEffect_StartsTimer_WhenEnabled>d__5.MoveNext () [0x0001e] in C:\Users\User\Documents\GitHub\QA_SpaceShooter\Assets\Tests\PlayMode\Functional\VisualEffectFunctionalTests.cs:67 
  at UnityEngine.TestTools.TestEnumerator+<Execute>d__7.MoveNext () [0x0003a] in .\Library\PackageCache\com.unity.test-framework@5ac417e07314\UnityEngine.TestRunner\NUnitExtensions\Attributes\TestEnumerator.cs:44 ]]></stack-trace>
          </failure>
        </test-case>
      </test-suite>
      <test-suite type="TestFixture" id="1063" name="WaveFunctionalTests" fullname="WaveFunctionalTests" classname="WaveFunctionalTests" runstate="Runnable" testcasecount="7" result="Failed" site="Child" start-time="2026-08-19 22:53:32Z" end-time="2026-08-19 22:53:37Z" duration="4.638033" total="7" passed="3" failed="4" inconclusive="0" skipped="0" asserts="0">
        <properties />
        <failure>
          <message><![CDATA[One or more child tests had errors]]></message>
        </failure>
        <test-case id="1070" name="TestMode_RegeneratesWaveAfterThreeSeconds" fullname="WaveFunctionalTests.TestMode_RegeneratesWaveAfterThreeSeconds" methodname="TestMode_RegeneratesWaveAfterThreeSeconds" classname="WaveFunctionalTests" runstate="Runnable" seed="1982941068" result="Passed" start-time="2026-08-19 22:53:32Z" end-time="2026-08-19 22:53:36Z" duration="3.364904" asserts="0">
          <properties>
            <property name="_JOINTYPE" value="UnityCombinatorial" />
            <property name="retryIteration" value="0" />
            <property name="repeatIteration" value="0" />
          </properties>
        </test-case>
        <test-case id="1067" name="Wave_AppliesLoopSettingToFollowThePath" fullname="WaveFunctionalTests.Wave_AppliesLoopSettingToFollowThePath" methodname="Wave_AppliesLoopSettingToFollowThePath" classname="WaveFunctionalTests" runstate="Runnable" seed="670330856" result="Failed" start-time="2026-08-19 22:53:36Z" end-time="2026-08-19 22:53:36Z" duration="0.210864" asserts="0">
          <properties>
            <property name="_JOINTYPE" value="UnityCombinatorial" />
            <property name="retryIteration" value="0" />
            <property name="repeatIteration" value="0" />
          </properties>
          <failure>
            <message><![CDATA[  Expected: False
  But was:  True
]]></message>
            <stack-trace><![CDATA[at WaveFunctionalTests+<Wave_AppliesLoopSettingToFollowThePath>d__11.MoveNext () [0x0005b] in C:\Users\User\Documents\GitHub\QA_SpaceShooter\Assets\Tests\PlayMode\Functional\WaveFunctionalTests.cs:171
at UnityEngine.TestTools.TestEnumerator+<Execute>d__7.MoveNext () [0x0003a] in .\Library\PackageCache\com.unity.test-framework@5ac417e07314\UnityEngine.TestRunner\NUnitExtensions\Attributes\TestEnumerator.cs:44
]]></stack-trace>
          </failure>
        </test-case>
        <test-case id="1068" name="Wave_AppliesPathToFollowThePath" fullname="WaveFunctionalTests.Wave_AppliesPathToFollowThePath" methodname="Wave_AppliesPathToFollowThePath" classname="WaveFunctionalTests" runstate="Runnable" seed="649545231" result="Passed" start-time="2026-08-19 22:53:36Z" end-time="2026-08-19 22:53:36Z" duration="0.211257" asserts="0">
          <properties>
            <property name="_JOINTYPE" value="UnityCombinatorial" />
            <property name="retryIteration" value="0" />
            <property name="repeatIteration" value="0" />
          </properties>
        </test-case>
        <test-case id="1066" name="Wave_AppliesRotationSettingToFollowThePath" fullname="WaveFunctionalTests.Wave_AppliesRotationSettingToFollowThePath" methodname="Wave_AppliesRotationSettingToFollowThePath" classname="WaveFunctionalTests" runstate="Runnable" seed="1304875025" result="Failed" start-time="2026-08-19 22:53:36Z" end-time="2026-08-19 22:53:36Z" duration="0.210762" asserts="0">
          <properties>
            <property name="_JOINTYPE" value="UnityCombinatorial" />
            <property name="retryIteration" value="0" />
            <property name="repeatIteration" value="0" />
          </properties>
          <failure>
            <message><![CDATA[  Expected: True
  But was:  False
]]></message>
            <stack-trace><![CDATA[at WaveFunctionalTests+<Wave_AppliesRotationSettingToFollowThePath>d__10.MoveNext () [0x0005b] in C:\Users\User\Documents\GitHub\QA_SpaceShooter\Assets\Tests\PlayMode\Functional\WaveFunctionalTests.cs:154
at UnityEngine.TestTools.TestEnumerator+<Execute>d__7.MoveNext () [0x0003a] in .\Library\PackageCache\com.unity.test-framework@5ac417e07314\UnityEngine.TestRunner\NUnitExtensions\Attributes\TestEnumerator.cs:44
]]></stack-trace>
          </failure>
        </test-case>
        <test-case id="1069" name="Wave_AppliesShootingConfigurationToEnemy" fullname="WaveFunctionalTests.Wave_AppliesShootingConfigurationToEnemy" methodname="Wave_AppliesShootingConfigurationToEnemy" classname="WaveFunctionalTests" runstate="Runnable" seed="1330905320" result="Failed" start-time="2026-08-19 22:53:36Z" end-time="2026-08-19 22:53:36Z" duration="0.211878" asserts="0">
          <properties>
            <property name="_JOINTYPE" value="UnityCombinatorial" />
            <property name="retryIteration" value="0" />
            <property name="repeatIteration" value="0" />
          </properties>
          <failure>
            <message><![CDATA[  Expected: 65
  But was:  75
]]></message>
            <stack-trace><![CDATA[at WaveFunctionalTests+<Wave_AppliesShootingConfigurationToEnemy>d__13.MoveNext () [0x00087] in C:\Users\User\Documents\GitHub\QA_SpaceShooter\Assets\Tests\PlayMode\Functional\WaveFunctionalTests.cs:213
at UnityEngine.TestTools.TestEnumerator+<Execute>d__7.MoveNext () [0x0003a] in .\Library\PackageCache\com.unity.test-framework@5ac417e07314\UnityEngine.TestRunner\NUnitExtensions\Attributes\TestEnumerator.cs:44
]]></stack-trace>
          </failure>
        </test-case>
        <test-case id="1065" name="Wave_AppliesSpeedToFollowThePath" fullname="WaveFunctionalTests.Wave_AppliesSpeedToFollowThePath" methodname="Wave_AppliesSpeedToFollowThePath" classname="WaveFunctionalTests" runstate="Runnable" seed="1163766222" result="Failed" start-time="2026-08-19 22:53:36Z" end-time="2026-08-19 22:53:37Z" duration="0.212243" asserts="0">
          <properties>
            <property name="_JOINTYPE" value="UnityCombinatorial" />
            <property name="retryIteration" value="0" />
            <property name="repeatIteration" value="0" />
          </properties>
          <failure>
            <message><![CDATA[  Expected: 42.0f
  But was:  25.0f
]]></message>
            <stack-trace><![CDATA[at WaveFunctionalTests+<Wave_AppliesSpeedToFollowThePath>d__9.MoveNext () [0x0006a] in C:\Users\User\Documents\GitHub\QA_SpaceShooter\Assets\Tests\PlayMode\Functional\WaveFunctionalTests.cs:135
at UnityEngine.TestTools.TestEnumerator+<Execute>d__7.MoveNext () [0x0003a] in .\Library\PackageCache\com.unity.test-framework@5ac417e07314\UnityEngine.TestRunner\NUnitExtensions\Attributes\TestEnumerator.cs:44
]]></stack-trace>
          </failure>
        </test-case>
        <test-case id="1064" name="Wave_SpawnsConfiguredEnemyCount" fullname="WaveFunctionalTests.Wave_SpawnsConfiguredEnemyCount" methodname="Wave_SpawnsConfiguredEnemyCount" classname="WaveFunctionalTests" runstate="Runnable" seed="911721003" result="Passed" start-time="2026-08-19 22:53:37Z" end-time="2026-08-19 22:53:37Z" duration="0.211971" asserts="0">
          <properties>
            <property name="_JOINTYPE" value="UnityCombinatorial" />
            <property name="retryIteration" value="0" />
            <property name="repeatIteration" value="0" />
          </properties>
          <output><![CDATA[Saving results to: C:/Users/User/AppData/LocalLow/DefaultCompany/QA - Final\TestResults.xml
]]></output>
        </test-case>
      </test-suite>
    </test-suite>
  </test-suite>
</test-run>