<?xml version="1.0" encoding="utf-8"?>
<test-run id="2" testcasecount="35" result="Failed(Child)" total="35" passed="32" failed="3" inconclusive="0" skipped="0" asserts="0" engine-version="3.5.0.0" clr-version="4.0.30319.42000" start-time="2026-08-20 14:23:25Z" end-time="2026-08-20 14:23:27Z" duration="1.8522151">
  <test-suite type="TestSuite" id="1145" name="QA - Final" fullname="QA - Final" runstate="Runnable" testcasecount="118" result="Failed" site="Child" start-time="2026-08-20 14:23:25Z" end-time="2026-08-20 14:23:27Z" duration="1.852215" total="35" passed="32" failed="3" inconclusive="0" skipped="0" asserts="0">
    <properties>
      <property name="platform" value="PlayMode" />
    </properties>
    <failure>
      <message><![CDATA[One or more child tests had errors]]></message>
    </failure>
    <test-suite type="Assembly" id="1141" name="PlayModeTests.dll" fullname="C:/Users/User/Documents/GitHub/QA_SpaceShooter/Library/ScriptAssemblies/PlayModeTests.dll" runstate="Runnable" testcasecount="118" result="Failed" site="Child" start-time="2026-08-20 14:23:25Z" end-time="2026-08-20 14:23:27Z" duration="1.843553" total="35" passed="32" failed="3" inconclusive="0" skipped="0" asserts="0">
      <properties>
        <property name="_PID" value="24940" />
        <property name="_APPDOMAIN" value="Unity Child Domain" />
        <property name="platform" value="PlayMode" />
        <property name="EditorOnly" value="False" />
      </properties>
      <failure>
        <message><![CDATA[One or more child tests had errors]]></message>
      </failure>
      <test-suite type="TestFixture" id="1005" name="BossTests" fullname="BossTests" classname="BossTests" runstate="Runnable" testcasecount="8" result="Passed" start-time="2026-08-20 14:23:25Z" end-time="2026-08-20 14:23:26Z" duration="1.213425" total="8" passed="8" failed="0" inconclusive="0" skipped="0" asserts="0">
        <properties />
        <test-case id="1006" name="BOS_UT_001_BossInitializesWithConfiguredHP" fullname="BossTests.BOS_UT_001_BossInitializesWithConfiguredHP" methodname="BOS_UT_001_BossInitializesWithConfiguredHP" classname="BossTests" runstate="Runnable" seed="487238524" result="Passed" start-time="2026-08-20 14:23:25Z" end-time="2026-08-20 14:23:25Z" duration="0.031851" asserts="0">
          <properties>
            <property name="retryIteration" value="0" />
            <property name="repeatIteration" value="0" />
          </properties>
        </test-case>
        <test-case id="1007" name="BOS_UT_002_BossReceivesDamage" fullname="BossTests.BOS_UT_002_BossReceivesDamage" methodname="BOS_UT_002_BossReceivesDamage" classname="BossTests" runstate="Runnable" seed="2123424526" result="Passed" start-time="2026-08-20 14:23:25Z" end-time="2026-08-20 14:23:25Z" duration="0.002257" asserts="0">
          <properties>
            <property name="retryIteration" value="0" />
            <property name="repeatIteration" value="0" />
          </properties>
        </test-case>
        <test-case id="1008" name="BOS_UT_003_BossSurvivesWhileHealthAboveZero" fullname="BossTests.BOS_UT_003_BossSurvivesWhileHealthAboveZero" methodname="BOS_UT_003_BossSurvivesWhileHealthAboveZero" classname="BossTests" runstate="Runnable" seed="606995243" result="Passed" start-time="2026-08-20 14:23:25Z" end-time="2026-08-20 14:23:25Z" duration="0.000497" asserts="0">
          <properties>
            <property name="retryIteration" value="0" />
            <property name="repeatIteration" value="0" />
          </properties>
        </test-case>
        <test-case id="1009" name="BOS_UT_004_BossDiesAtZeroHealth" fullname="BossTests.BOS_UT_004_BossDiesAtZeroHealth" methodname="BOS_UT_004_BossDiesAtZeroHealth" classname="BossTests" runstate="Runnable" seed="1169664707" result="Passed" start-time="2026-08-20 14:23:25Z" end-time="2026-08-20 14:23:25Z" duration="0.000510" asserts="0">
          <properties>
            <property name="retryIteration" value="0" />
            <property name="repeatIteration" value="0" />
          </properties>
        </test-case>
        <test-case id="1010" name="BOS_UT_005_BossMovesHorizontally" fullname="BossTests.BOS_UT_005_BossMovesHorizontally" methodname="BOS_UT_005_BossMovesHorizontally" classname="BossTests" runstate="Runnable" seed="1410880210" result="Passed" start-time="2026-08-20 14:23:25Z" end-time="2026-08-20 14:23:25Z" duration="0.214934" asserts="0">
          <properties>
            <property name="_JOINTYPE" value="UnityCombinatorial" />
            <property name="retryIteration" value="0" />
            <property name="repeatIteration" value="0" />
          </properties>
        </test-case>
        <test-case id="1011" name="BOS_UT_006_BossMovesVertically" fullname="BossTests.BOS_UT_006_BossMovesVertically" methodname="BOS_UT_006_BossMovesVertically" classname="BossTests" runstate="Runnable" seed="2062560244" result="Passed" start-time="2026-08-20 14:23:25Z" end-time="2026-08-20 14:23:25Z" duration="0.210012" asserts="0">
          <properties>
            <property name="_JOINTYPE" value="UnityCombinatorial" />
            <property name="retryIteration" value="0" />
            <property name="repeatIteration" value="0" />
          </properties>
        </test-case>
        <test-case id="1012" name="BOS_UT_007_BossMovesDiagonally" fullname="BossTests.BOS_UT_007_BossMovesDiagonally" methodname="BOS_UT_007_BossMovesDiagonally" classname="BossTests" runstate="Runnable" seed="1203093736" result="Passed" start-time="2026-08-20 14:23:25Z" end-time="2026-08-20 14:23:26Z" duration="0.208890" asserts="0">
          <properties>
            <property name="_JOINTYPE" value="UnityCombinatorial" />
            <property name="retryIteration" value="0" />
            <property name="repeatIteration" value="0" />
          </properties>
        </test-case>
        <test-case id="1013" name="BOS_UT_008_BossStaysWithinAllowedGameplayArea" fullname="BossTests.BOS_UT_008_BossStaysWithinAllowedGameplayArea" methodname="BOS_UT_008_BossStaysWithinAllowedGameplayArea" classname="BossTests" runstate="Runnable" seed="1511677749" result="Passed" start-time="2026-08-20 14:23:26Z" end-time="2026-08-20 14:23:26Z" duration="0.509956" asserts="0">
          <properties>
            <property name="_JOINTYPE" value="UnityCombinatorial" />
            <property name="retryIteration" value="0" />
            <property name="repeatIteration" value="0" />
          </properties>
        </test-case>
      </test-suite>
      <test-suite type="TestFixture" id="1029" name="EnemyShieldTests" fullname="EnemyShieldTests" classname="EnemyShieldTests" runstate="Runnable" testcasecount="11" result="Passed" start-time="2026-08-20 14:23:26Z" end-time="2026-08-20 14:23:26Z" duration="0.018587" total="11" passed="11" failed="0" inconclusive="0" skipped="0" asserts="0">
        <properties />
        <test-case id="1037" name="SHD_FT_001_PlayerProjectileDamagesShieldedEnemy" fullname="EnemyShieldTests.SHD_FT_001_PlayerProjectileDamagesShieldedEnemy" methodname="SHD_FT_001_PlayerProjectileDamagesShieldedEnemy" classname="EnemyShieldTests" runstate="Runnable" seed="1474362744" result="Passed" start-time="2026-08-20 14:23:26Z" end-time="2026-08-20 14:23:26Z" duration="0.011365" asserts="0">
          <properties>
            <property name="_JOINTYPE" value="UnityCombinatorial" />
            <property name="retryIteration" value="0" />
            <property name="repeatIteration" value="0" />
          </properties>
        </test-case>
        <test-case id="1038" name="SHD_RT_001_UnshieldedEnemyRetainsExistingDamageBehavior" fullname="EnemyShieldTests.SHD_RT_001_UnshieldedEnemyRetainsExistingDamageBehavior" methodname="SHD_RT_001_UnshieldedEnemyRetainsExistingDamageBehavior" classname="EnemyShieldTests" runstate="Runnable" seed="1779961405" result="Passed" start-time="2026-08-20 14:23:26Z" end-time="2026-08-20 14:23:26Z" duration="0.000809" asserts="0">
          <properties>
            <property name="retryIteration" value="0" />
            <property name="repeatIteration" value="0" />
          </properties>
        </test-case>
        <test-case id="1030" name="SHD_UT_001_ShieldInitializesWithConfiguredHealth" fullname="EnemyShieldTests.SHD_UT_001_ShieldInitializesWithConfiguredHealth" methodname="SHD_UT_001_ShieldInitializesWithConfiguredHealth" classname="EnemyShieldTests" runstate="Runnable" seed="284859227" result="Passed" start-time="2026-08-20 14:23:26Z" end-time="2026-08-20 14:23:26Z" duration="0.000196" asserts="0">
          <properties>
            <property name="retryIteration" value="0" />
            <property name="repeatIteration" value="0" />
          </properties>
        </test-case>
        <test-case id="1031" name="SHD_UT_002_ShieldAbsorbsIncomingDamage" fullname="EnemyShieldTests.SHD_UT_002_ShieldAbsorbsIncomingDamage" methodname="SHD_UT_002_ShieldAbsorbsIncomingDamage" classname="EnemyShieldTests" runstate="Runnable" seed="277680877" result="Passed" start-time="2026-08-20 14:23:26Z" end-time="2026-08-20 14:23:26Z" duration="0.000209" asserts="0">
          <properties>
            <property name="retryIteration" value="0" />
            <property name="repeatIteration" value="0" />
          </properties>
        </test-case>
        <test-case id="1032" name="SHD_UT_003_EnemyHealthRemainsUnchangedWhileShieldIsActive" fullname="EnemyShieldTests.SHD_UT_003_EnemyHealthRemainsUnchangedWhileShieldIsActive" methodname="SHD_UT_003_EnemyHealthRemainsUnchangedWhileShieldIsActive" classname="EnemyShieldTests" runstate="Runnable" seed="1226275911" result="Passed" start-time="2026-08-20 14:23:26Z" end-time="2026-08-20 14:23:26Z" duration="0.000194" asserts="0">
          <properties>
            <property name="retryIteration" value="0" />
            <property name="repeatIteration" value="0" />
          </properties>
        </test-case>
        <test-case id="1033" name="SHD_UT_004_ShieldDecreasesByIncomingDamage" fullname="EnemyShieldTests.SHD_UT_004_ShieldDecreasesByIncomingDamage" methodname="SHD_UT_004_ShieldDecreasesByIncomingDamage" classname="EnemyShieldTests" runstate="Runnable" seed="5165166" result="Passed" start-time="2026-08-20 14:23:26Z" end-time="2026-08-20 14:23:26Z" duration="0.000190" asserts="0">
          <properties>
            <property name="retryIteration" value="0" />
            <property name="repeatIteration" value="0" />
          </properties>
        </test-case>
        <test-case id="1034" name="SHD_UT_005_ShieldBreaksAtZero" fullname="EnemyShieldTests.SHD_UT_005_ShieldBreaksAtZero" methodname="SHD_UT_005_ShieldBreaksAtZero" classname="EnemyShieldTests" runstate="Runnable" seed="1459149089" result="Passed" start-time="2026-08-20 14:23:26Z" end-time="2026-08-20 14:23:26Z" duration="0.000301" asserts="0">
          <properties>
            <property name="retryIteration" value="0" />
            <property name="repeatIteration" value="0" />
          </properties>
        </test-case>
        <test-case id="1035" name="SHD_UT_006_BrokenShieldNoLongerAbsorbsDamage" fullname="EnemyShieldTests.SHD_UT_006_BrokenShieldNoLongerAbsorbsDamage" methodname="SHD_UT_006_BrokenShieldNoLongerAbsorbsDamage" classname="EnemyShieldTests" runstate="Runnable" seed="114469842" result="Passed" start-time="2026-08-20 14:23:26Z" end-time="2026-08-20 14:23:26Z" duration="0.000203" asserts="0">
          <properties>
            <property name="retryIteration" value="0" />
            <property name="repeatIteration" value="0" />
          </properties>
        </test-case>
        <test-case id="1036" name="SHD_UT_007_ExcessDamageIsReturnedToEnemy" fullname="EnemyShieldTests.SHD_UT_007_ExcessDamageIsReturnedToEnemy" methodname="SHD_UT_007_ExcessDamageIsReturnedToEnemy" classname="EnemyShieldTests" runstate="Runnable" seed="642423427" result="Passed" start-time="2026-08-20 14:23:26Z" end-time="2026-08-20 14:23:26Z" duration="0.000186" asserts="0">
          <properties>
            <property name="retryIteration" value="0" />
            <property name="repeatIteration" value="0" />
          </properties>
        </test-case>
        <test-case id="1039" name="Shield_CannotBecomeNegative" fullname="EnemyShieldTests.Shield_CannotBecomeNegative" methodname="Shield_CannotBecomeNegative" classname="EnemyShieldTests" runstate="Runnable" seed="1739133437" result="Passed" start-time="2026-08-20 14:23:26Z" end-time="2026-08-20 14:23:26Z" duration="0.000216" asserts="0">
          <properties>
            <property name="retryIteration" value="0" />
            <property name="repeatIteration" value="0" />
          </properties>
        </test-case>
        <test-case id="1040" name="Shield_ZeroDamageDoesNotChangeShieldHealth" fullname="EnemyShieldTests.Shield_ZeroDamageDoesNotChangeShieldHealth" methodname="Shield_ZeroDamageDoesNotChangeShieldHealth" classname="EnemyShieldTests" runstate="Runnable" seed="1400943423" result="Passed" start-time="2026-08-20 14:23:26Z" end-time="2026-08-20 14:23:26Z" duration="0.000183" asserts="0">
          <properties>
            <property name="retryIteration" value="0" />
            <property name="repeatIteration" value="0" />
          </properties>
        </test-case>
      </test-suite>
      <test-suite type="TestFixture" id="1048" name="Level2BossIntegrationTests" fullname="Level2BossIntegrationTests" classname="Level2BossIntegrationTests" runstate="Runnable" testcasecount="10" result="Passed" start-time="2026-08-20 14:23:26Z" end-time="2026-08-20 14:23:26Z" duration="0.010739" total="10" passed="10" failed="0" inconclusive="0" skipped="0" asserts="0">
        <properties />
        <test-case id="1049" name="BOS_FT_001_BossCanBeEncounteredInLevel2" fullname="Level2BossIntegrationTests.BOS_FT_001_BossCanBeEncounteredInLevel2" methodname="BOS_FT_001_BossCanBeEncounteredInLevel2" classname="Level2BossIntegrationTests" runstate="Runnable" seed="1828035878" result="Passed" start-time="2026-08-20 14:23:26Z" end-time="2026-08-20 14:23:26Z" duration="0.002707" asserts="0">
          <properties>
            <property name="retryIteration" value="0" />
            <property name="repeatIteration" value="0" />
          </properties>
        </test-case>
        <test-case id="1050" name="BOS_FT_002_BossCanBeDefeated" fullname="Level2BossIntegrationTests.BOS_FT_002_BossCanBeDefeated" methodname="BOS_FT_002_BossCanBeDefeated" classname="Level2BossIntegrationTests" runstate="Runnable" seed="157766919" result="Passed" start-time="2026-08-20 14:23:26Z" end-time="2026-08-20 14:23:26Z" duration="0.000895" asserts="0">
          <properties>
            <property name="retryIteration" value="0" />
            <property name="repeatIteration" value="0" />
          </properties>
        </test-case>
        <test-case id="1051" name="L2_FT_002_Level1CanTransitionToLevel2" fullname="Level2BossIntegrationTests.L2_FT_002_Level1CanTransitionToLevel2" methodname="L2_FT_002_Level1CanTransitionToLevel2" classname="Level2BossIntegrationTests" runstate="Runnable" seed="197956571" result="Passed" start-time="2026-08-20 14:23:26Z" end-time="2026-08-20 14:23:26Z" duration="0.000364" asserts="0">
          <properties>
            <property name="retryIteration" value="0" />
            <property name="repeatIteration" value="0" />
          </properties>
        </test-case>
        <test-case id="1052" name="L2_FT_003_Level2UsesHarderSettings" fullname="Level2BossIntegrationTests.L2_FT_003_Level2UsesHarderSettings" methodname="L2_FT_003_Level2UsesHarderSettings" classname="Level2BossIntegrationTests" runstate="Runnable" seed="132071852" result="Passed" start-time="2026-08-20 14:23:26Z" end-time="2026-08-20 14:23:26Z" duration="0.000288" asserts="0">
          <properties>
            <property name="retryIteration" value="0" />
            <property name="repeatIteration" value="0" />
          </properties>
        </test-case>
        <test-case id="1053" name="L2_FT_004_ShieldedEnemiesAreConfiguredForLevel2" fullname="Level2BossIntegrationTests.L2_FT_004_ShieldedEnemiesAreConfiguredForLevel2" methodname="L2_FT_004_ShieldedEnemiesAreConfiguredForLevel2" classname="Level2BossIntegrationTests" runstate="Runnable" seed="1590244396" result="Passed" start-time="2026-08-20 14:23:26Z" end-time="2026-08-20 14:23:26Z" duration="0.000305" asserts="0">
          <properties>
            <property name="retryIteration" value="0" />
            <property name="repeatIteration" value="0" />
          </properties>
        </test-case>
        <test-case id="1054" name="L2_FT_005_BossIsConfiguredForLevel2" fullname="Level2BossIntegrationTests.L2_FT_005_BossIsConfiguredForLevel2" methodname="L2_FT_005_BossIsConfiguredForLevel2" classname="Level2BossIntegrationTests" runstate="Runnable" seed="210505198" result="Passed" start-time="2026-08-20 14:23:26Z" end-time="2026-08-20 14:23:26Z" duration="0.000297" asserts="0">
          <properties>
            <property name="retryIteration" value="0" />
            <property name="repeatIteration" value="0" />
          </properties>
        </test-case>
        <test-case id="1055" name="L2_FT_006_BossDefeatCanBeRecognized" fullname="Level2BossIntegrationTests.L2_FT_006_BossDefeatCanBeRecognized" methodname="L2_FT_006_BossDefeatCanBeRecognized" classname="Level2BossIntegrationTests" runstate="Runnable" seed="888358937" result="Passed" start-time="2026-08-20 14:23:26Z" end-time="2026-08-20 14:23:26Z" duration="0.000408" asserts="0">
          <properties>
            <property name="retryIteration" value="0" />
            <property name="repeatIteration" value="0" />
          </properties>
        </test-case>
        <test-case id="1056" name="L2_FT_007_Level2VictoryConditionCanBeTriggered" fullname="Level2BossIntegrationTests.L2_FT_007_Level2VictoryConditionCanBeTriggered" methodname="L2_FT_007_Level2VictoryConditionCanBeTriggered" classname="Level2BossIntegrationTests" runstate="Runnable" seed="293407950" result="Passed" start-time="2026-08-20 14:23:26Z" end-time="2026-08-20 14:23:26Z" duration="0.000335" asserts="0">
          <properties>
            <property name="retryIteration" value="0" />
            <property name="repeatIteration" value="0" />
          </properties>
        </test-case>
        <test-case id="1057" name="L2_IT_001_Level2CanProvideShieldedEnemyForWaveIntegration" fullname="Level2BossIntegrationTests.L2_IT_001_Level2CanProvideShieldedEnemyForWaveIntegration" methodname="L2_IT_001_Level2CanProvideShieldedEnemyForWaveIntegration" classname="Level2BossIntegrationTests" runstate="Runnable" seed="1138540276" result="Passed" start-time="2026-08-20 14:23:26Z" end-time="2026-08-20 14:23:26Z" duration="0.000392" asserts="0">
          <properties>
            <property name="retryIteration" value="0" />
            <property name="repeatIteration" value="0" />
          </properties>
        </test-case>
        <test-case id="1058" name="L2_IT_002_Level2CanProvideBossForLevelIntegration" fullname="Level2BossIntegrationTests.L2_IT_002_Level2CanProvideBossForLevelIntegration" methodname="L2_IT_002_Level2CanProvideBossForLevelIntegration" classname="Level2BossIntegrationTests" runstate="Runnable" seed="90361183" result="Passed" start-time="2026-08-20 14:23:26Z" end-time="2026-08-20 14:23:26Z" duration="0.000294" asserts="0">
          <properties>
            <property name="retryIteration" value="0" />
            <property name="repeatIteration" value="0" />
          </properties>
        </test-case>
      </test-suite>
      <test-suite type="TestFixture" id="1059" name="LevelControllerFunctionalTests" fullname="LevelControllerFunctionalTests" classname="LevelControllerFunctionalTests" runstate="Runnable" testcasecount="6" result="Failed" site="Child" start-time="2026-08-20 14:23:26Z" end-time="2026-08-20 14:23:27Z" duration="0.596220" total="6" passed="3" failed="3" inconclusive="0" skipped="0" asserts="0">
        <properties />
        <failure>
          <message><![CDATA[One or more child tests had errors]]></message>
        </failure>
        <test-case id="1063" name="LevelController_AppliesConfiguredPlanetSpeed" fullname="LevelControllerFunctionalTests.LevelController_AppliesConfiguredPlanetSpeed" methodname="LevelController_AppliesConfiguredPlanetSpeed" classname="LevelControllerFunctionalTests" runstate="Runnable" seed="1325285442" result="Failed" start-time="2026-08-20 14:23:26Z" end-time="2026-08-20 14:23:26Z" duration="0.033572" asserts="0">
          <properties>
            <property name="_JOINTYPE" value="UnityCombinatorial" />
            <property name="retryIteration" value="0" />
            <property name="repeatIteration" value="0" />
          </properties>
          <failure>
            <message><![CDATA[Unhandled log message: '[Exception] NullReferenceException: Object reference not set to an instance of an object'. Use UnityEngine.TestTools.LogAssert.Expect]]></message>
            <stack-trace><![CDATA[LevelController.Start () (at Assets/Space Shooter Template FREE/Scripts/LevelController.cs:36)

]]></stack-trace>
          </failure>
          <output><![CDATA[NullReferenceException: Object reference not set to an instance of an object
LevelController.Start () (at Assets/Space Shooter Template FREE/Scripts/LevelController.cs:36)

]]></output>
        </test-case>
        <test-case id="1060" name="LevelController_InstantiatesConfiguredWave" fullname="LevelControllerFunctionalTests.LevelController_InstantiatesConfiguredWave" methodname="LevelController_InstantiatesConfiguredWave" classname="LevelControllerFunctionalTests" runstate="Runnable" seed="1289211962" result="Passed" start-time="2026-08-20 14:23:26Z" end-time="2026-08-20 14:23:26Z" duration="0.210584" asserts="0">
          <properties>
            <property name="_JOINTYPE" value="UnityCombinatorial" />
            <property name="retryIteration" value="0" />
            <property name="repeatIteration" value="0" />
          </properties>
        </test-case>
        <test-case id="1061" name="LevelController_RespectsWaveStartDelay" fullname="LevelControllerFunctionalTests.LevelController_RespectsWaveStartDelay" methodname="LevelController_RespectsWaveStartDelay" classname="LevelControllerFunctionalTests" runstate="Runnable" seed="1509534416" result="Failed" start-time="2026-08-20 14:23:26Z" end-time="2026-08-20 14:23:27Z" duration="0.110356" asserts="0">
          <properties>
            <property name="_JOINTYPE" value="UnityCombinatorial" />
            <property name="retryIteration" value="0" />
            <property name="repeatIteration" value="0" />
          </properties>
          <failure>
            <message><![CDATA[  A delayed wave should not have been created immediately.
  Expected: False
  But was:  True
]]></message>
            <stack-trace><![CDATA[at LevelControllerFunctionalTests+<LevelController_RespectsWaveStartDelay>d__10.MoveNext () [0x000a7] in C:\Users\User\Documents\GitHub\QA_SpaceShooter\Assets\Tests\PlayMode\Functional\LevelControllerFunctionalTests.cs:175
at UnityEngine.TestTools.TestEnumerator+<Execute>d__7.MoveNext () [0x0003a] in .\Library\PackageCache\com.unity.test-framework@5ac417e07314\UnityEngine.TestRunner\NUnitExtensions\Attributes\TestEnumerator.cs:44
]]></stack-trace>
          </failure>
        </test-case>
        <test-case id="1062" name="LevelController_UsesConfiguredPlanetSpeed" fullname="LevelControllerFunctionalTests.LevelController_UsesConfiguredPlanetSpeed" methodname="LevelController_UsesConfiguredPlanetSpeed" classname="LevelControllerFunctionalTests" runstate="Runnable" seed="280166746" result="Passed" start-time="2026-08-20 14:23:27Z" end-time="2026-08-20 14:23:27Z" duration="0.009345" asserts="0">
          <properties>
            <property name="_JOINTYPE" value="UnityCombinatorial" />
            <property name="retryIteration" value="0" />
            <property name="repeatIteration" value="0" />
          </properties>
        </test-case>
        <test-case id="1064" name="LevelController_UsesConfiguredPowerupInterval" fullname="LevelControllerFunctionalTests.LevelController_UsesConfiguredPowerupInterval" methodname="LevelController_UsesConfiguredPowerupInterval" classname="LevelControllerFunctionalTests" runstate="Runnable" seed="331729669" result="Passed" start-time="2026-08-20 14:23:27Z" end-time="2026-08-20 14:23:27Z" duration="0.008432" asserts="0">
          <properties>
            <property name="_JOINTYPE" value="UnityCombinatorial" />
            <property name="retryIteration" value="0" />
            <property name="repeatIteration" value="0" />
          </properties>
        </test-case>
        <test-case id="1065" name="LVL_RT_001_ExistingLevel1Configuration_RemainsFunctional" fullname="LevelControllerFunctionalTests.LVL_RT_001_ExistingLevel1Configuration_RemainsFunctional" methodname="LVL_RT_001_ExistingLevel1Configuration_RemainsFunctional" classname="LevelControllerFunctionalTests" runstate="Runnable" seed="350475551" result="Failed" label="Error" start-time="2026-08-20 14:23:27Z" end-time="2026-08-20 14:23:27Z" duration="0.219425" asserts="0">
          <properties>
            <property name="_JOINTYPE" value="UnityCombinatorial" />
            <property name="retryIteration" value="0" />
            <property name="repeatIteration" value="0" />
          </properties>
          <failure>
            <message><![CDATA[UnityEngine.MissingReferenceException : The object of type 'UnityEngine.GameObject' has been destroyed but you are still trying to access it.
Your script should either check if it is null or you should not destroy the object.]]></message>
            <stack-trace><![CDATA[  at UnityEngine.Object+MarshalledUnityObject.TryThrowEditorNullExceptionObject (UnityEngine.Object unityObj, System.String parameterName) [0x0006a] in <612ea0208cc847f49d539e6511ed3cd5>:0 
  at UnityEngine.Bindings.ThrowHelper.ThrowNullReferenceException (System.Object obj) [0x00010] in <612ea0208cc847f49d539e6511ed3cd5>:0 
  at UnityEngine.GameObject.GetComponentFastPath (System.Type type, System.IntPtr oneFurtherThanResultValue) [0x00006] in <612ea0208cc847f49d539e6511ed3cd5>:0 
  at UnityEngine.GameObject.GetComponent[T] () [0x00021] in <612ea0208cc847f49d539e6511ed3cd5>:0 
  at LevelControllerFunctionalTests+<LVL_RT_001_ExistingLevel1Configuration_RemainsFunctional>d__14.MoveNext () [0x0025b] in C:\Users\User\Documents\GitHub\QA_SpaceShooter\Assets\Tests\PlayMode\Functional\LevelControllerFunctionalTests.cs:379 
  at UnityEngine.TestTools.TestEnumerator+<Execute>d__7.MoveNext () [0x0003a] in .\Library\PackageCache\com.unity.test-framework@5ac417e07314\UnityEngine.TestRunner\NUnitExtensions\Attributes\TestEnumerator.cs:44 ]]></stack-trace>
          </failure>
          <output><![CDATA[Saving results to: C:/Users/User/AppData/LocalLow/DefaultCompany/QA - Final\TestResults.xml
]]></output>
        </test-case>
      </test-suite>
    </test-suite>
  </test-suite>
</test-run>