<?xml version="1.0" encoding="utf-8"?>
<test-run id="2" testcasecount="3" result="Failed(Child)" total="3" passed="1" failed="2" inconclusive="0" skipped="0" asserts="0" engine-version="3.5.0.0" clr-version="4.0.30319.42000" start-time="2026-08-20 15:31:42Z" end-time="2026-08-20 15:31:42Z" duration="0.2090959">
  <test-suite type="TestSuite" id="1148" name="QA - Final" fullname="QA - Final" runstate="Runnable" testcasecount="121" result="Failed" site="Child" start-time="2026-08-20 15:31:42Z" end-time="2026-08-20 15:31:42Z" duration="0.209096" total="3" passed="1" failed="2" inconclusive="0" skipped="0" asserts="0">
    <properties>
      <property name="platform" value="PlayMode" />
    </properties>
    <failure>
      <message><![CDATA[One or more child tests had errors]]></message>
    </failure>
    <test-suite type="Assembly" id="1144" name="PlayModeTests.dll" fullname="C:/Users/User/Documents/GitHub/QA_SpaceShooter/Library/ScriptAssemblies/PlayModeTests.dll" runstate="Runnable" testcasecount="121" result="Failed" site="Child" start-time="2026-08-20 15:31:42Z" end-time="2026-08-20 15:31:42Z" duration="0.200259" total="3" passed="1" failed="2" inconclusive="0" skipped="0" asserts="0">
      <properties>
        <property name="_PID" value="24940" />
        <property name="_APPDOMAIN" value="Unity Child Domain" />
        <property name="platform" value="PlayMode" />
        <property name="EditorOnly" value="False" />
      </properties>
      <failure>
        <message><![CDATA[One or more child tests had errors]]></message>
      </failure>
      <test-suite type="TestFixture" id="1059" name="LevelControllerFunctionalTests" fullname="LevelControllerFunctionalTests" classname="LevelControllerFunctionalTests" runstate="Runnable" testcasecount="7" result="Passed" start-time="2026-08-20 15:31:42Z" end-time="2026-08-20 15:31:42Z" duration="0.113957" total="1" passed="1" failed="0" inconclusive="0" skipped="0" asserts="0">
        <properties />
        <test-case id="1065" name="L2_RT_001_Level1Behavior_RemainsUnchanged" fullname="LevelControllerFunctionalTests.L2_RT_001_Level1Behavior_RemainsUnchanged" methodname="L2_RT_001_Level1Behavior_RemainsUnchanged" classname="LevelControllerFunctionalTests" runstate="Runnable" seed="350582760" result="Passed" start-time="2026-08-20 15:31:42Z" end-time="2026-08-20 15:31:42Z" duration="0.072996" asserts="0">
          <properties>
            <property name="_JOINTYPE" value="UnityCombinatorial" />
            <property name="retryIteration" value="0" />
            <property name="repeatIteration" value="0" />
          </properties>
        </test-case>
      </test-suite>
      <test-suite type="TestFixture" id="1119" name="LoadTests" fullname="LoadTests" classname="LoadTests" runstate="Runnable" testcasecount="6" result="Failed" site="Child" start-time="2026-08-20 15:31:42Z" end-time="2026-08-20 15:31:42Z" duration="0.031740" total="1" passed="0" failed="1" inconclusive="0" skipped="0" asserts="0">
        <properties />
        <failure>
          <message><![CDATA[One or more child tests had errors]]></message>
        </failure>
        <test-case id="1125" name="L2_LT_001_Level2SustainedGameplay_RemainsStable" fullname="LoadTests.L2_LT_001_Level2SustainedGameplay_RemainsStable" methodname="L2_LT_001_Level2SustainedGameplay_RemainsStable" classname="LoadTests" runstate="Runnable" seed="1494834691" result="Failed" start-time="2026-08-20 15:31:42Z" end-time="2026-08-20 15:31:42Z" duration="0.028422" asserts="0">
          <properties>
            <property name="_JOINTYPE" value="UnityCombinatorial" />
            <property name="retryIteration" value="0" />
            <property name="repeatIteration" value="0" />
          </properties>
          <failure>
            <message><![CDATA[Unhandled log message: '[Exception] NullReferenceException: Object reference not set to an instance of an object'. Use UnityEngine.TestTools.LogAssert.Expect
TearDown : Unhandled log message: '[Exception] NullReferenceException: Object reference not set to an instance of an object'. Use UnityEngine.TestTools.LogAssert.Expect]]></message>
            <stack-trace><![CDATA[Wave+<CreateEnemyWave>d__15.MoveNext () (at Assets/Space Shooter Template FREE/Scripts/Wave.cs:73)
UnityEngine.SetupCoroutine.InvokeMoveNext (System.Collections.IEnumerator enumerator, System.IntPtr returnValueAddress) (at <612ea0208cc847f49d539e6511ed3cd5>:0)
UnityEngine.MonoBehaviour:StartCoroutine(IEnumerator)
Wave:Start() (at Assets/Space Shooter Template FREE/Scripts/Wave.cs:57)

]]></stack-trace>
          </failure>
          <output><![CDATA[NullReferenceException: Object reference not set to an instance of an object
Wave+<CreateEnemyWave>d__15.MoveNext () (at Assets/Space Shooter Template FREE/Scripts/Wave.cs:73)
UnityEngine.SetupCoroutine.InvokeMoveNext (System.Collections.IEnumerator enumerator, System.IntPtr returnValueAddress) (at <612ea0208cc847f49d539e6511ed3cd5>:0)
UnityEngine.MonoBehaviour:StartCoroutine(IEnumerator)
Wave:Start() (at Assets/Space Shooter Template FREE/Scripts/Wave.cs:57)

NullReferenceException: Object reference not set to an instance of an object
Wave+<CreateEnemyWave>d__15.MoveNext () (at Assets/Space Shooter Template FREE/Scripts/Wave.cs:73)
UnityEngine.SetupCoroutine.InvokeMoveNext (System.Collections.IEnumerator enumerator, System.IntPtr returnValueAddress) (at <612ea0208cc847f49d539e6511ed3cd5>:0)
UnityEngine.MonoBehaviour:StartCoroutine(IEnumerator)
Wave:Start() (at Assets/Space Shooter Template FREE/Scripts/Wave.cs:57)

NullReferenceException: Object reference not set to an instance of an object
Wave+<CreateEnemyWave>d__15.MoveNext () (at Assets/Space Shooter Template FREE/Scripts/Wave.cs:73)
UnityEngine.SetupCoroutine.InvokeMoveNext (System.Collections.IEnumerator enumerator, System.IntPtr returnValueAddress) (at <612ea0208cc847f49d539e6511ed3cd5>:0)
UnityEngine.MonoBehaviour:StartCoroutine(IEnumerator)
Wave:Start() (at Assets/Space Shooter Template FREE/Scripts/Wave.cs:57)

NullReferenceException: Object reference not set to an instance of an object
Wave+<CreateEnemyWave>d__15.MoveNext () (at Assets/Space Shooter Template FREE/Scripts/Wave.cs:73)
UnityEngine.SetupCoroutine.InvokeMoveNext (System.Collections.IEnumerator enumerator, System.IntPtr returnValueAddress) (at <612ea0208cc847f49d539e6511ed3cd5>:0)
UnityEngine.MonoBehaviour:StartCoroutine(IEnumerator)
Wave:Start() (at Assets/Space Shooter Template FREE/Scripts/Wave.cs:57)

NullReferenceException: Object reference not set to an instance of an object
Wave+<CreateEnemyWave>d__15.MoveNext () (at Assets/Space Shooter Template FREE/Scripts/Wave.cs:73)
UnityEngine.SetupCoroutine.InvokeMoveNext (System.Collections.IEnumerator enumerator, System.IntPtr returnValueAddress) (at <612ea0208cc847f49d539e6511ed3cd5>:0)
UnityEngine.MonoBehaviour:StartCoroutine(IEnumerator)
Wave:Start() (at Assets/Space Shooter Template FREE/Scripts/Wave.cs:57)

NullReferenceException: Object reference not set to an instance of an object
Wave+<CreateEnemyWave>d__15.MoveNext () (at Assets/Space Shooter Template FREE/Scripts/Wave.cs:73)
UnityEngine.SetupCoroutine.InvokeMoveNext (System.Collections.IEnumerator enumerator, System.IntPtr returnValueAddress) (at <612ea0208cc847f49d539e6511ed3cd5>:0)
UnityEngine.MonoBehaviour:StartCoroutine(IEnumerator)
Wave:Start() (at Assets/Space Shooter Template FREE/Scripts/Wave.cs:57)

NullReferenceException: Object reference not set to an instance of an object
Wave+<CreateEnemyWave>d__15.MoveNext () (at Assets/Space Shooter Template FREE/Scripts/Wave.cs:73)
UnityEngine.SetupCoroutine.InvokeMoveNext (System.Collections.IEnumerator enumerator, System.IntPtr returnValueAddress) (at <612ea0208cc847f49d539e6511ed3cd5>:0)
UnityEngine.MonoBehaviour:StartCoroutine(IEnumerator)
Wave:Start() (at Assets/Space Shooter Template FREE/Scripts/Wave.cs:57)

]]></output>
        </test-case>
      </test-suite>
      <test-suite type="TestFixture" id="1126" name="StressTests" fullname="StressTests" classname="StressTests" runstate="Runnable" testcasecount="7" result="Failed" site="Child" start-time="2026-08-20 15:31:42Z" end-time="2026-08-20 15:31:42Z" duration="0.050413" total="1" passed="0" failed="1" inconclusive="0" skipped="0" asserts="0">
        <properties />
        <failure>
          <message><![CDATA[One or more child tests had errors]]></message>
        </failure>
        <test-case id="1133" name="L2_SRT_001_HighDifficultyLevel2_RemainsStable" fullname="StressTests.L2_SRT_001_HighDifficultyLevel2_RemainsStable" methodname="L2_SRT_001_HighDifficultyLevel2_RemainsStable" classname="StressTests" runstate="Runnable" seed="256855511" result="Failed" start-time="2026-08-20 15:31:42Z" end-time="2026-08-20 15:31:42Z" duration="0.044692" asserts="0">
          <properties>
            <property name="_JOINTYPE" value="UnityCombinatorial" />
            <property name="retryIteration" value="0" />
            <property name="repeatIteration" value="0" />
          </properties>
          <failure>
            <message><![CDATA[Unhandled log message: '[Exception] NullReferenceException: Object reference not set to an instance of an object'. Use UnityEngine.TestTools.LogAssert.Expect
TearDown : Unhandled log message: '[Exception] NullReferenceException: Object reference not set to an instance of an object'. Use UnityEngine.TestTools.LogAssert.Expect]]></message>
            <stack-trace><![CDATA[Wave+<CreateEnemyWave>d__15.MoveNext () (at Assets/Space Shooter Template FREE/Scripts/Wave.cs:73)
UnityEngine.SetupCoroutine.InvokeMoveNext (System.Collections.IEnumerator enumerator, System.IntPtr returnValueAddress) (at <612ea0208cc847f49d539e6511ed3cd5>:0)
UnityEngine.MonoBehaviour:StartCoroutine(IEnumerator)
Wave:Start() (at Assets/Space Shooter Template FREE/Scripts/Wave.cs:57)

]]></stack-trace>
          </failure>
          <output><![CDATA[NullReferenceException: Object reference not set to an instance of an object
Wave+<CreateEnemyWave>d__15.MoveNext () (at Assets/Space Shooter Template FREE/Scripts/Wave.cs:73)
UnityEngine.SetupCoroutine.InvokeMoveNext (System.Collections.IEnumerator enumerator, System.IntPtr returnValueAddress) (at <612ea0208cc847f49d539e6511ed3cd5>:0)
UnityEngine.MonoBehaviour:StartCoroutine(IEnumerator)
Wave:Start() (at Assets/Space Shooter Template FREE/Scripts/Wave.cs:57)

NullReferenceException: Object reference not set to an instance of an object
Wave+<CreateEnemyWave>d__15.MoveNext () (at Assets/Space Shooter Template FREE/Scripts/Wave.cs:73)
UnityEngine.SetupCoroutine.InvokeMoveNext (System.Collections.IEnumerator enumerator, System.IntPtr returnValueAddress) (at <612ea0208cc847f49d539e6511ed3cd5>:0)
UnityEngine.MonoBehaviour:StartCoroutine(IEnumerator)
Wave:Start() (at Assets/Space Shooter Template FREE/Scripts/Wave.cs:57)

NullReferenceException: Object reference not set to an instance of an object
Wave+<CreateEnemyWave>d__15.MoveNext () (at Assets/Space Shooter Template FREE/Scripts/Wave.cs:73)
UnityEngine.SetupCoroutine.InvokeMoveNext (System.Collections.IEnumerator enumerator, System.IntPtr returnValueAddress) (at <612ea0208cc847f49d539e6511ed3cd5>:0)
UnityEngine.MonoBehaviour:StartCoroutine(IEnumerator)
Wave:Start() (at Assets/Space Shooter Template FREE/Scripts/Wave.cs:57)

NullReferenceException: Object reference not set to an instance of an object
Wave+<CreateEnemyWave>d__15.MoveNext () (at Assets/Space Shooter Template FREE/Scripts/Wave.cs:73)
UnityEngine.SetupCoroutine.InvokeMoveNext (System.Collections.IEnumerator enumerator, System.IntPtr returnValueAddress) (at <612ea0208cc847f49d539e6511ed3cd5>:0)
UnityEngine.MonoBehaviour:StartCoroutine(IEnumerator)
Wave:Start() (at Assets/Space Shooter Template FREE/Scripts/Wave.cs:57)

NullReferenceException: Object reference not set to an instance of an object
Wave+<CreateEnemyWave>d__15.MoveNext () (at Assets/Space Shooter Template FREE/Scripts/Wave.cs:73)
UnityEngine.SetupCoroutine.InvokeMoveNext (System.Collections.IEnumerator enumerator, System.IntPtr returnValueAddress) (at <612ea0208cc847f49d539e6511ed3cd5>:0)
UnityEngine.MonoBehaviour:StartCoroutine(IEnumerator)
Wave:Start() (at Assets/Space Shooter Template FREE/Scripts/Wave.cs:57)

NullReferenceException: Object reference not set to an instance of an object
Wave+<CreateEnemyWave>d__15.MoveNext () (at Assets/Space Shooter Template FREE/Scripts/Wave.cs:73)
UnityEngine.SetupCoroutine.InvokeMoveNext (System.Collections.IEnumerator enumerator, System.IntPtr returnValueAddress) (at <612ea0208cc847f49d539e6511ed3cd5>:0)
UnityEngine.MonoBehaviour:StartCoroutine(IEnumerator)
Wave:Start() (at Assets/Space Shooter Template FREE/Scripts/Wave.cs:57)

NullReferenceException: Object reference not set to an instance of an object
Wave+<CreateEnemyWave>d__15.MoveNext () (at Assets/Space Shooter Template FREE/Scripts/Wave.cs:73)
UnityEngine.SetupCoroutine.InvokeMoveNext (System.Collections.IEnumerator enumerator, System.IntPtr returnValueAddress) (at <612ea0208cc847f49d539e6511ed3cd5>:0)
UnityEngine.MonoBehaviour:StartCoroutine(IEnumerator)
Wave:Start() (at Assets/Space Shooter Template FREE/Scripts/Wave.cs:57)

Saving results to: C:/Users/User/AppData/LocalLow/DefaultCompany/QA - Final\TestResults.xml
]]></output>
        </test-case>
      </test-suite>
    </test-suite>
  </test-suite>
</test-run>