<?xml version="1.0" encoding="utf-8"?>
<test-run id="2" testcasecount="2" result="Failed(Child)" total="2" passed="0" failed="2" inconclusive="0" skipped="0" asserts="0" engine-version="3.5.0.0" clr-version="4.0.30319.42000" start-time="2026-08-19 23:49:04Z" end-time="2026-08-19 23:49:05Z" duration="0.2952036">
  <test-suite type="TestSuite" id="1113" name="QA - Final" fullname="QA - Final" runstate="Runnable" testcasecount="89" result="Failed" site="Child" start-time="2026-08-19 23:49:04Z" end-time="2026-08-19 23:49:05Z" duration="0.295204" total="2" passed="0" failed="2" inconclusive="0" skipped="0" asserts="0">
    <properties>
      <property name="platform" value="PlayMode" />
    </properties>
    <failure>
      <message><![CDATA[One or more child tests had errors]]></message>
    </failure>
    <test-suite type="Assembly" id="1109" name="PlayModeTests.dll" fullname="C:/Users/User/Documents/GitHub/QA_SpaceShooter/Library/ScriptAssemblies/PlayModeTests.dll" runstate="Runnable" testcasecount="89" result="Failed" site="Child" start-time="2026-08-19 23:49:04Z" end-time="2026-08-19 23:49:05Z" duration="0.286889" total="2" passed="0" failed="2" inconclusive="0" skipped="0" asserts="0">
      <properties>
        <property name="_PID" value="24940" />
        <property name="_APPDOMAIN" value="Unity Child Domain" />
        <property name="platform" value="PlayMode" />
        <property name="EditorOnly" value="False" />
      </properties>
      <failure>
        <message><![CDATA[One or more child tests had errors]]></message>
      </failure>
      <test-suite type="TestFixture" id="1027" name="LevelControllerFunctionalTests" fullname="LevelControllerFunctionalTests" classname="LevelControllerFunctionalTests" runstate="Runnable" testcasecount="6" result="Failed" site="Child" start-time="2026-08-19 23:49:04Z" end-time="2026-08-19 23:49:04Z" duration="0.266950" total="1" passed="0" failed="1" inconclusive="0" skipped="0" asserts="0">
        <properties />
        <failure>
          <message><![CDATA[One or more child tests had errors]]></message>
        </failure>
        <test-case id="1033" name="LVL_RT_001_ExistingLevel1Configuration_RemainsFunctional" fullname="LevelControllerFunctionalTests.LVL_RT_001_ExistingLevel1Configuration_RemainsFunctional" methodname="LVL_RT_001_ExistingLevel1Configuration_RemainsFunctional" classname="LevelControllerFunctionalTests" runstate="Runnable" seed="890401562" result="Failed" label="Error" start-time="2026-08-19 23:49:04Z" end-time="2026-08-19 23:49:04Z" duration="0.249496" asserts="0">
          <properties>
            <property name="_JOINTYPE" value="UnityCombinatorial" />
            <property name="retryIteration" value="0" />
            <property name="repeatIteration" value="0" />
          </properties>
          <failure>
            <message><![CDATA[UnityEngine.MissingReferenceException : The object of type 'UnityEngine.GameObject' has been destroyed but you are still trying to access it.
Your script should either check if it is null or you should not destroy the object.]]></message>
            <stack-trace><![CDATA[  at UnityEngine.Object+MarshalledUnityObject.TryThrowEditorNullExceptionObject (UnityEngine.Object unityObj, System.String parameterName) [0x0006a] in <612ea0208cc847f49d539e6511ed3cd5>:0 
  at UnityEngine.Bindings.ThrowHelper.ThrowNullReferenceException (System.Object obj) [0x00010] in <612ea0208cc847f49d539e6511ed3cd5>:0 
  at UnityEngine.GameObject.GetComponentFastPath (System.Type type, System.IntPtr oneFurtherThanResultValue) [0x00006] in <612ea0208cc847f49d539e6511ed3cd5>:0 
  at UnityEngine.GameObject.GetComponent[T] () [0x00021] in <612ea0208cc847f49d539e6511ed3cd5>:0 
  at LevelControllerFunctionalTests+<LVL_RT_001_ExistingLevel1Configuration_RemainsFunctional>d__14.MoveNext () [0x0025b] in C:\Users\User\Documents\GitHub\QA_SpaceShooter\Assets\Tests\PlayMode\Functional\LevelControllerFunctionalTests.cs:379 
  at UnityEngine.TestTools.TestEnumerator+<Execute>d__7.MoveNext () [0x0003a] in .\Library\PackageCache\com.unity.test-framework@5ac417e07314\UnityEngine.TestRunner\NUnitExtensions\Attributes\TestEnumerator.cs:44 ]]></stack-trace>
          </failure>
        </test-case>
      </test-suite>
      <test-suite type="TestFixture" id="1060" name="RepeatingBackgroundFunctionalTests" fullname="RepeatingBackgroundFunctionalTests" classname="RepeatingBackgroundFunctionalTests" runstate="Runnable" testcasecount="4" result="Failed" site="Child" start-time="2026-08-19 23:49:05Z" end-time="2026-08-19 23:49:05Z" duration="0.016400" total="1" passed="0" failed="1" inconclusive="0" skipped="0" asserts="0">
        <properties />
        <failure>
          <message><![CDATA[One or more child tests had errors]]></message>
        </failure>
        <test-case id="1064" name="Background_RemainsFunctional_AfterLevelControllerInitialization" fullname="RepeatingBackgroundFunctionalTests.Background_RemainsFunctional_AfterLevelControllerInitialization" methodname="Background_RemainsFunctional_AfterLevelControllerInitialization" classname="RepeatingBackgroundFunctionalTests" runstate="Runnable" seed="186860989" result="Failed" start-time="2026-08-19 23:49:05Z" end-time="2026-08-19 23:49:05Z" duration="0.012902" asserts="0">
          <properties>
            <property name="_JOINTYPE" value="UnityCombinatorial" />
            <property name="retryIteration" value="0" />
            <property name="repeatIteration" value="0" />
          </properties>
          <failure>
            <message><![CDATA[Unhandled log message: '[Exception] NullReferenceException: Object reference not set to an instance of an object'. Use UnityEngine.TestTools.LogAssert.Expect]]></message>
            <stack-trace><![CDATA[LevelController.Start () (at Assets/Space Shooter Template FREE/Scripts/LevelController.cs:36)

]]></stack-trace>
          </failure>
          <output><![CDATA[NullReferenceException: Object reference not set to an instance of an object
LevelController.Start () (at Assets/Space Shooter Template FREE/Scripts/LevelController.cs:36)

Saving results to: C:/Users/User/AppData/LocalLow/DefaultCompany/QA - Final\TestResults.xml
]]></output>
        </test-case>
      </test-suite>
    </test-suite>
  </test-suite>
</test-run>