<?xml version="1.0" encoding="utf-8"?>
<test-run id="2" testcasecount="8" result="Failed(Child)" total="8" passed="7" failed="1" inconclusive="0" skipped="0" asserts="0" engine-version="3.5.0.0" clr-version="4.0.30319.42000" start-time="2026-08-19 23:24:32Z" end-time="2026-08-19 23:24:32Z" duration="0.3331473">
  <test-suite type="TestSuite" id="1111" name="QA - Final" fullname="QA - Final" runstate="Runnable" testcasecount="87" result="Failed" site="Child" start-time="2026-08-19 23:24:32Z" end-time="2026-08-19 23:24:32Z" duration="0.333147" total="8" passed="7" failed="1" inconclusive="0" skipped="0" asserts="0">
    <properties>
      <property name="platform" value="PlayMode" />
    </properties>
    <failure>
      <message><![CDATA[One or more child tests had errors]]></message>
    </failure>
    <test-suite type="Assembly" id="1107" name="PlayModeTests.dll" fullname="C:/Users/User/Documents/GitHub/QA_SpaceShooter/Library/ScriptAssemblies/PlayModeTests.dll" runstate="Runnable" testcasecount="87" result="Failed" site="Child" start-time="2026-08-19 23:24:32Z" end-time="2026-08-19 23:24:32Z" duration="0.324624" total="8" passed="7" failed="1" inconclusive="0" skipped="0" asserts="0">
      <properties>
        <property name="_PID" value="24940" />
        <property name="_APPDOMAIN" value="Unity Child Domain" />
        <property name="platform" value="PlayMode" />
        <property name="EditorOnly" value="False" />
      </properties>
      <failure>
        <message><![CDATA[One or more child tests had errors]]></message>
      </failure>
      <test-suite type="TestFixture" id="1001" name="BonusFunctionalTests" fullname="BonusFunctionalTests" classname="BonusFunctionalTests" runstate="Runnable" testcasecount="3" result="Passed" start-time="2026-08-19 23:24:32Z" end-time="2026-08-19 23:24:32Z" duration="0.039439" total="1" passed="1" failed="0" inconclusive="0" skipped="0" asserts="0">
        <properties />
        <test-case id="1004" name="Bonus_Collection_DestroysBonus" fullname="BonusFunctionalTests.Bonus_Collection_DestroysBonus" methodname="Bonus_Collection_DestroysBonus" classname="BonusFunctionalTests" runstate="Runnable" seed="1745593288" result="Passed" start-time="2026-08-19 23:24:32Z" end-time="2026-08-19 23:24:32Z" duration="0.022988" asserts="0">
          <properties>
            <property name="_JOINTYPE" value="UnityCombinatorial" />
            <property name="retryIteration" value="0" />
            <property name="repeatIteration" value="0" />
          </properties>
        </test-case>
      </test-suite>
      <test-suite type="TestFixture" id="1014" name="EnemyFunctionalTests" fullname="EnemyFunctionalTests" classname="EnemyFunctionalTests" runstate="Runnable" testcasecount="5" result="Passed" start-time="2026-08-19 23:24:32Z" end-time="2026-08-19 23:24:32Z" duration="0.015651" total="1" passed="1" failed="0" inconclusive="0" skipped="0" asserts="0">
        <properties />
        <test-case id="1019" name="EnemyCollision_DamagesPlayer" fullname="EnemyFunctionalTests.EnemyCollision_DamagesPlayer" methodname="EnemyCollision_DamagesPlayer" classname="EnemyFunctionalTests" runstate="Runnable" seed="1664832161" result="Passed" start-time="2026-08-19 23:24:32Z" end-time="2026-08-19 23:24:32Z" duration="0.012677" asserts="0">
          <properties>
            <property name="_JOINTYPE" value="UnityCombinatorial" />
            <property name="retryIteration" value="0" />
            <property name="repeatIteration" value="0" />
          </properties>
        </test-case>
      </test-suite>
      <test-suite type="TestFixture" id="1027" name="LevelControllerFunctionalTests" fullname="LevelControllerFunctionalTests" classname="LevelControllerFunctionalTests" runstate="Runnable" testcasecount="5" result="Failed" site="Child" start-time="2026-08-19 23:24:32Z" end-time="2026-08-19 23:24:32Z" duration="0.038655" total="1" passed="0" failed="1" inconclusive="0" skipped="0" asserts="0">
        <properties />
        <failure>
          <message><![CDATA[One or more child tests had errors]]></message>
        </failure>
        <test-case id="1031" name="LevelController_AppliesConfiguredPlanetSpeed" fullname="LevelControllerFunctionalTests.LevelController_AppliesConfiguredPlanetSpeed" methodname="LevelController_AppliesConfiguredPlanetSpeed" classname="LevelControllerFunctionalTests" runstate="Runnable" seed="1202661002" result="Failed" start-time="2026-08-19 23:24:32Z" end-time="2026-08-19 23:24:32Z" duration="0.035971" asserts="0">
          <properties>
            <property name="_JOINTYPE" value="UnityCombinatorial" />
            <property name="retryIteration" value="0" />
            <property name="repeatIteration" value="0" />
          </properties>
          <failure>
            <message><![CDATA[Unhandled log message: '[Exception] NullReferenceException: Object reference not set to an instance of an object'. Use UnityEngine.TestTools.LogAssert.Expect]]></message>
            <stack-trace><![CDATA[LevelController.Start () (at Assets/Space Shooter Template FREE/Scripts/LevelController.cs:36)

]]></stack-trace>
          </failure>
          <output><![CDATA[NullReferenceException: Object reference not set to an instance of an object
LevelController.Start () (at Assets/Space Shooter Template FREE/Scripts/LevelController.cs:36)

]]></output>
        </test-case>
      </test-suite>
      <test-suite type="TestFixture" id="1084" name="LoadTests" fullname="LoadTests" classname="LoadTests" runstate="Runnable" testcasecount="5" result="Passed" start-time="2026-08-19 23:24:32Z" end-time="2026-08-19 23:24:32Z" duration="0.068764" total="1" passed="1" failed="0" inconclusive="0" skipped="0" asserts="0">
        <properties />
        <test-case id="1089" name="SustainedProjectileGeneration_RemainsStable" fullname="LoadTests.SustainedProjectileGeneration_RemainsStable" methodname="SustainedProjectileGeneration_RemainsStable" classname="LoadTests" runstate="Runnable" seed="1342854047" result="Passed" start-time="2026-08-19 23:24:32Z" end-time="2026-08-19 23:24:32Z" duration="0.062147" asserts="0">
          <properties>
            <property name="_JOINTYPE" value="UnityCombinatorial" />
            <property name="retryIteration" value="0" />
            <property name="repeatIteration" value="0" />
          </properties>
        </test-case>
      </test-suite>
      <test-suite type="TestFixture" id="1103" name="PlayerRegressionTests" fullname="PlayerRegressionTests" classname="PlayerRegressionTests" runstate="Runnable" testcasecount="3" result="Passed" start-time="2026-08-19 23:24:32Z" end-time="2026-08-19 23:24:32Z" duration="0.012542" total="1" passed="1" failed="0" inconclusive="0" skipped="0" asserts="0">
        <properties />
        <test-case id="1106" name="Player_GetDamage_CreatesDestructionVFX" fullname="PlayerRegressionTests.Player_GetDamage_CreatesDestructionVFX" methodname="Player_GetDamage_CreatesDestructionVFX" classname="PlayerRegressionTests" runstate="Runnable" seed="428864418" result="Passed" start-time="2026-08-19 23:24:32Z" end-time="2026-08-19 23:24:32Z" duration="0.008264" asserts="0">
          <properties>
            <property name="_JOINTYPE" value="UnityCombinatorial" />
            <property name="retryIteration" value="0" />
            <property name="repeatIteration" value="0" />
          </properties>
        </test-case>
      </test-suite>
      <test-suite type="TestFixture" id="1039" name="PlayerShootingFunctionalTests" fullname="PlayerShootingFunctionalTests" classname="PlayerShootingFunctionalTests" runstate="Runnable" testcasecount="7" result="Passed" start-time="2026-08-19 23:24:32Z" end-time="2026-08-19 23:24:32Z" duration="0.015077" total="1" passed="1" failed="0" inconclusive="0" skipped="0" asserts="0">
        <properties />
        <test-case id="1044" name="Shooting_ExistingWeaponPowerBehavior_RemainsIntact" fullname="PlayerShootingFunctionalTests.Shooting_ExistingWeaponPowerBehavior_RemainsIntact" methodname="Shooting_ExistingWeaponPowerBehavior_RemainsIntact" classname="PlayerShootingFunctionalTests" runstate="Runnable" seed="1485664558" result="Passed" start-time="2026-08-19 23:24:32Z" end-time="2026-08-19 23:24:32Z" duration="0.012322" asserts="0">
          <properties>
            <property name="_JOINTYPE" value="UnityCombinatorial" />
            <property name="retryIteration" value="0" />
            <property name="repeatIteration" value="0" />
          </properties>
        </test-case>
      </test-suite>
      <test-suite type="TestFixture" id="1090" name="StressTests" fullname="StressTests" classname="StressTests" runstate="Runnable" testcasecount="6" result="Passed" start-time="2026-08-19 23:24:32Z" end-time="2026-08-19 23:24:32Z" duration="0.128449" total="2" passed="2" failed="0" inconclusive="0" skipped="0" asserts="0">
        <properties />
        <test-case id="1092" name="ExtremeProjectileGeneration_DoesNotCrash" fullname="StressTests.ExtremeProjectileGeneration_DoesNotCrash" methodname="ExtremeProjectileGeneration_DoesNotCrash" classname="StressTests" runstate="Runnable" seed="914450465" result="Passed" start-time="2026-08-19 23:24:32Z" end-time="2026-08-19 23:24:32Z" duration="0.066009" asserts="0">
          <properties>
            <property name="_JOINTYPE" value="UnityCombinatorial" />
            <property name="retryIteration" value="0" />
            <property name="repeatIteration" value="0" />
          </properties>
        </test-case>
        <test-case id="1096" name="PoolingController_ExtremeRetrieval_RemainsStable" fullname="StressTests.PoolingController_ExtremeRetrieval_RemainsStable" methodname="PoolingController_ExtremeRetrieval_RemainsStable" classname="StressTests" runstate="Runnable" seed="1790648048" result="Passed" start-time="2026-08-19 23:24:32Z" end-time="2026-08-19 23:24:32Z" duration="0.059266" asserts="0">
          <properties>
            <property name="_JOINTYPE" value="UnityCombinatorial" />
            <property name="retryIteration" value="0" />
            <property name="repeatIteration" value="0" />
          </properties>
          <output><![CDATA[Saving results to: C:/Users/User/AppData/LocalLow/DefaultCompany/QA - Final\TestResults.xml
]]></output>
        </test-case>
      </test-suite>
    </test-suite>
  </test-suite>
</test-run>