<?xml version="1.0" encoding="utf-8"?>
<test-run id="2" testcasecount="3" result="Passed" total="3" passed="3" failed="0" inconclusive="0" skipped="0" asserts="0" engine-version="3.5.0.0" clr-version="4.0.30319.42000" start-time="2026-08-19 22:13:37Z" end-time="2026-08-19 22:13:37Z" duration="0.8618588">
  <test-suite type="TestSuite" id="1010" name="QA - Final" fullname="QA - Final" runstate="Runnable" testcasecount="3" result="Passed" start-time="2026-08-19 22:13:37Z" end-time="2026-08-19 22:13:37Z" duration="0.861859" total="3" passed="3" failed="0" inconclusive="0" skipped="0" asserts="0">
    <properties>
      <property name="platform" value="EditMode" />
    </properties>
    <test-suite type="Assembly" id="1005" name="PerformanceTests.dll" fullname="C:/Users/User/Documents/GitHub/QA_SpaceShooter/Library/ScriptAssemblies/PerformanceTests.dll" runstate="Runnable" testcasecount="3" result="Passed" start-time="2026-08-19 22:13:37Z" end-time="2026-08-19 22:13:37Z" duration="0.855704" total="3" passed="3" failed="0" inconclusive="0" skipped="0" asserts="0">
      <properties>
        <property name="_PID" value="24940" />
        <property name="_APPDOMAIN" value="Unity Child Domain" />
        <property name="platform" value="EditMode" />
        <property name="EditorOnly" value="True" />
      </properties>
      <test-suite type="TestFixture" id="1001" name="PerformanceTests" fullname="PerformanceTests" classname="PerformanceTests" runstate="Runnable" testcasecount="3" result="Passed" start-time="2026-08-19 22:13:37Z" end-time="2026-08-19 22:13:37Z" duration="0.853461" total="3" passed="3" failed="0" inconclusive="0" skipped="0" asserts="0">
        <properties />
        <test-case id="1004" name="ObjectLookup_Performance" fullname="PerformanceTests.ObjectLookup_Performance" methodname="ObjectLookup_Performance" classname="PerformanceTests" runstate="Runnable" seed="1359961846" result="Passed" start-time="2026-08-19 22:13:37Z" end-time="2026-08-19 22:13:37Z" duration="0.305462" asserts="0">
          <properties>
            <property name="Category" value="Performance" />
            <property name="retryIteration" value="0" />
            <property name="repeatIteration" value="0" />
          </properties>
          <output><![CDATA[Time in Milliseconds
Min:		0.05 ms
Median:		0.06 ms
Max:		0.13 ms
Avg:		0.06 ms
StdDev:		0.01 ms
SampleCount:	50
Sum:		2.93 ms
First samples:	▂▂▁▁▁▁▁▁▁▁▁▁▁▁▁▁▁▁▁▁▁▁▁▁▁▁▁▁▁▁▁▁▁▁▁▁▁▁▁▁▁▁▁▁▁▁▁▁▄█
Histogram:	█▁▁▁▁▁▁▁▁▁


##performancetestresult2:{"Name":"PerformanceTests.ObjectLookup_Performance","ClassName":"PerformanceTests","MethodName":"ObjectLookup_Performance","Version":"1","Categories":["Performance"],"SampleGroups":[{"Name":"Time","Unit":2,"IncreaseIsBetter":false,"Samples":[0.06589999999999996,0.06640000000000002,0.05719999999999992,0.05499999999999994,0.056199999999999809,0.05590000000000006,0.05570000000000008,0.055500000000000108,0.05550000000000033,0.05520000000000014,0.056400000000000009,0.056299999999999798,0.05699999999999994,0.056700000000000198,0.056599999999999987,0.05549999999999988,0.055999999999999609,0.05569999999999986,0.05479999999999974,0.056700000000000198,0.05589999999999984,0.05489999999999995,0.05569999999999986,0.05630000000000024,0.05489999999999995,0.05559999999999965,0.055700000000000308,0.056700000000000198,0.05710000000000015,0.05830000000000002,0.05600000000000005,0.05649999999999977,0.05690000000000017,0.05649999999999977,0.056400000000000009,0.05649999999999977,0.05549999999999988,0.05649999999999977,0.05620000000000003,0.056400000000000009,0.05600000000000005,0.056599999999999987,0.05549999999999988,0.05600000000000005,0.05600000000000005,0.055299999999999908,0.05649999999999977,0.05760000000000076,0.08689999999999998,0.12880000000000003],"Min":0.05479999999999974,"Max":0.12880000000000003,"Median":0.05624999999999991,"Average":0.05859799999999999,"StandardDeviation":0.011088381126205945,"Sum":2.9298999999999997}]}
##performancetestruninfo2:{"TestSuite":"Editmode","Date":1787177617109,"Player":{"Development":true,"ScreenWidth":1920,"ScreenHeight":1080,"ScreenRefreshRate":60,"Fullscreen":false,"Vsync":1,"AntiAliasing":4,"Batchmode":false,"RenderThreadingMode":"MultiThreaded","GpuSkinning":false,"Platform":"WindowsEditor","ColorSpace":"Gamma","AnisotropicFiltering":"ForceEnable","BlendWeights":"FourBones","GraphicsApi":"Direct3D11","ScriptingBackend":"Mono2x","AndroidTargetSdkVersion":"AndroidApiLevelAuto","AndroidBuildSystem":"Gradle","BuildTarget":"StandaloneWindows64","StereoRenderingPath":"MultiPass"},"Hardware":{"OperatingSystem":"Windows 10  (10.0.19045) 64bit","DeviceModel":"MS-7C37 (Micro-Star International Co., Ltd.)","DeviceName":"BEAST","ProcessorType":"AMD Ryzen 9 5900X 12-Core Processor ","ProcessorCount":24,"GraphicsDeviceName":"NVIDIA GeForce RTX 3080","SystemMemorySizeMB":32689},"Editor":{"Version":"6000.0.43f1","Branch":"6000.0/release","Changeset":"97272b72f107","Date":1741976499},"Dependencies":["com.unity.ai.navigation@2.0.6","com.unity.burst@1.8.19","com.unity.collab-proxy@2.8.2","com.unity.ext.nunit@2.0.5","com.unity.ide.rider@3.0.31","com.unity.ide.visualstudio@2.0.22","com.unity.ide.vscode@1.2.5","com.unity.inputsystem@1.13.1","com.unity.mathematics@1.3.2","com.unity.multiplayer.center@1.0.0","com.unity.render-pipelines.core@17.0.4","com.unity.render-pipelines.universal@17.0.4","com.unity.shadergraph@17.0.4","com.unity.test-framework@1.4.6","com.unity.timeline@1.8.7","com.unity.ugui@2.0.0","com.unity.visualscripting@1.9.5","com.unity.modules.accessibility@1.0.0","com.unity.modules.ai@1.0.0","com.unity.modules.androidjni@1.0.0","com.unity.modules.animation@1.0.0","com.unity.modules.assetbundle@1.0.0","com.unity.modules.audio@1.0.0","com.unity.modules.cloth@1.0.0","com.unity.modules.director@1.0.0","com.unity.modules.imageconversion@1.0.0","com.unity.modules.imgui@1.0.0","com.unity.modules.jsonserialize@1.0.0","com.unity.modules.particlesystem@1.0.0","com.unity.modules.physics@1.0.0","com.unity.modules.physics2d@1.0.0","com.unity.modules.screencapture@1.0.0","com.unity.modules.subsystems@1.0.0","com.unity.modules.terrain@1.0.0","com.unity.modules.terrainphysics@1.0.0","com.unity.modules.tilemap@1.0.0","com.unity.modules.ui@1.0.0","com.unity.modules.uielements@1.0.0","com.unity.modules.umbra@1.0.0","com.unity.modules.unityanalytics@1.0.0","com.unity.modules.unitywebrequest@1.0.0","com.unity.modules.unitywebrequestassetbundle@1.0.0","com.unity.modules.unitywebrequestaudio@1.0.0","com.unity.modules.unitywebrequesttexture@1.0.0","com.unity.modules.unitywebrequestwww@1.0.0","com.unity.modules.vehicles@1.0.0","com.unity.modules.video@1.0.0","com.unity.modules.vr@1.0.0","com.unity.modules.wind@1.0.0","com.unity.modules.xr@1.0.0","com.unity.modules.hierarchycore@1.0.0","com.unity.searcher@4.9.3","com.unity.render-pipelines.universal-config@17.0.3","com.unity.collections@2.5.1","com.unity.rendering.light-transport@1.0.1","com.unity.nuget.mono-cecil@1.11.4","com.unity.test-framework.performance@3.0.3"],"Results":[]}
]]></output>
        </test-case>
        <test-case id="1003" name="PoolRetrieval_Performance" fullname="PerformanceTests.PoolRetrieval_Performance" methodname="PoolRetrieval_Performance" classname="PerformanceTests" runstate="Runnable" seed="548524438" result="Passed" start-time="2026-08-19 22:13:37Z" end-time="2026-08-19 22:13:37Z" duration="0.263873" asserts="0">
          <properties>
            <property name="Category" value="Performance" />
            <property name="retryIteration" value="0" />
            <property name="repeatIteration" value="0" />
          </properties>
          <output><![CDATA[Time in Milliseconds
Min:		0.03 ms
Median:		0.03 ms
Max:		0.05 ms
Avg:		0.03 ms
StdDev:		0.00 ms
SampleCount:	100
Sum:		3.15 ms
First samples:	▂▁▁▁▁▁▁▁▂▁▁▂▁▂▂▁▁▁▁▁▂▂▂▂▂▂▁▁▃▂▂▂▂▂▁▁▄▂▂▂▂▁▂▂█▂▁▂▁▁▂▂▁▂▂▁▂▂▂▂▂▂▂▂▂▂▂▂▂▁▂▁▃▃▂▂▆█▂▂▂▂▂▂▂▂▂▁▂▂▁▂▂▁▂▂▂▂▁▂
Histogram:	██▂▁▁▁▁▁▁▁


##performancetestresult2:{"Name":"PerformanceTests.PoolRetrieval_Performance","ClassName":"PerformanceTests","MethodName":"PoolRetrieval_Performance","Version":"1","Categories":["Performance"],"SampleGroups":[{"Name":"Time","Unit":2,"IncreaseIsBetter":false,"Samples":[0.030399999999999984,0.030200000000000006,0.02929999999999988,0.02929999999999988,0.030200000000000006,0.02960000000000007,0.030000000000000028,0.028699999999999949,0.03249999999999997,0.030100000000000017,0.02960000000000007,0.031299999999999886,0.029999999999999806,0.030899999999999929,0.030999999999999918,0.02939999999999987,0.02950000000000008,0.029400000000000094,0.02949999999999986,0.02949999999999986,0.03049999999999997,0.03039999999999976,0.03059999999999974,0.03069999999999995,0.03080000000000016,0.030299999999999995,0.029100000000000127,0.02980000000000027,0.035600000000000079,0.03290000000000015,0.03080000000000016,0.03039999999999976,0.03240000000000043,0.031099999999999907,0.02950000000000008,0.02970000000000006,0.036799999999999947,0.03110000000000035,0.03149999999999986,0.031200000000000118,0.03049999999999997,0.02980000000000027,0.03069999999999995,0.03160000000000007,0.05049999999999999,0.03100000000000014,0.029900000000000039,0.03090000000000037,0.029900000000000039,0.029799999999999828,0.031400000000000097,0.03080000000000016,0.029200000000000338,0.031200000000000118,0.030799999999999718,0.030100000000000017,0.030999999999999696,0.030299999999999995,0.03289999999999971,0.03169999999999984,0.03100000000000014,0.03080000000000016,0.03059999999999974,0.03190000000000026,0.031099999999999907,0.031200000000000118,0.03169999999999984,0.03139999999999965,0.03299999999999992,0.02959999999999985,0.031099999999999907,0.03000000000000025,0.03390000000000004,0.033500000000000088,0.03249999999999975,0.033199999999999899,0.04300000000000015,0.05010000000000003,0.031199999999999674,0.032099999999999798,0.03180000000000005,0.031299999999999886,0.03069999999999995,0.03080000000000016,0.031200000000000118,0.03310000000000013,0.032999999999999477,0.030100000000000017,0.03200000000000003,0.030999999999999696,0.030199999999999784,0.030899999999999929,0.03169999999999984,0.030199999999999784,0.030999999999999696,0.03190000000000026,0.03110000000000035,0.03110000000000035,0.029799999999999828,0.03309999999999924],"Min":0.028699999999999949,"Max":0.05049999999999999,"Median":0.030899999999999929,"Average":0.03148499999999998,"StandardDeviation":0.0032200116459416758,"Sum":3.148499999999998}]}
]]></output>
        </test-case>
        <test-case id="1002" name="ProjectileInstantiation_Performance" fullname="PerformanceTests.ProjectileInstantiation_Performance" methodname="ProjectileInstantiation_Performance" classname="PerformanceTests" runstate="Runnable" seed="646625562" result="Passed" start-time="2026-08-19 22:13:37Z" end-time="2026-08-19 22:13:37Z" duration="0.260703" asserts="0">
          <properties>
            <property name="Category" value="Performance" />
            <property name="retryIteration" value="0" />
            <property name="repeatIteration" value="0" />
          </properties>
          <output><![CDATA[Time in Milliseconds
Min:		0.11 ms
Median:		0.14 ms
Max:		0.25 ms
Avg:		0.14 ms
StdDev:		0.01 ms
SampleCount:	100
Sum:		14.20 ms
First samples:	▃▃▃▃▂▂▂▃▂▃▂▂▃▂▆█▃▃▃▃▃▃▃▃▂▂▃▃▃▂▂▂▂▃▃▃▃▂▂▃▃▃▃▃▃▃▃▂▃▃▃▃▃▃▂▃▃▂▂▃▂▃▃▃▂▂▂▂▂▃▃▃▂▃▂▂▂▂▁▁▃▃▃▃▃▃▃▂▃▃▃▃▃▃▃▃▃▃▃▃
Histogram:	▆▅█▁▁▁▁▁▁▁


##performancetestresult2:{"Name":"PerformanceTests.ProjectileInstantiation_Performance","ClassName":"PerformanceTests","MethodName":"ProjectileInstantiation_Performance","Version":"1","Categories":["Performance"],"SampleGroups":[{"Name":"Time","Unit":2,"IncreaseIsBetter":false,"Samples":[0.14259999999999985,0.14049999999999986,0.14060000000000007,0.13919999999999978,0.13759999999999995,0.13600000000000013,0.13600000000000013,0.14260000000000029,0.13859999999999984,0.13929999999999999,0.13850000000000008,0.13690000000000025,0.14500000000000003,0.13800000000000035,0.2154000000000007,0.24580000000000003,0.15439999999999988,0.14529999999999977,0.14219999999999989,0.1429999999999998,0.15359999999999997,0.14179999999999993,0.14170000000000017,0.1402000000000001,0.13870000000000005,0.13840000000000075,0.14000000000000058,0.14749999999999997,0.1427000000000005,0.13900000000000024,0.1383000000000001,0.13810000000000056,0.1374000000000004,0.13980000000000016,0.14619999999999945,0.15220000000000057,0.1398999999999999,0.13729999999999976,0.1382999999999992,0.14169999999999928,0.1404999999999994,0.14259999999999985,0.14349999999999953,0.13959999999999973,0.14060000000000096,0.14080000000000049,0.1394000000000002,0.13810000000000145,0.14419999999999967,0.13980000000000104,0.1407999999999987,0.14209999999999924,0.1394000000000002,0.14100000000000002,0.13870000000000005,0.14359999999999929,0.14050000000000119,0.13760000000000084,0.13809999999999968,0.13979999999999927,0.1374999999999993,0.14259999999999985,0.1407999999999987,0.14310000000000046,0.13670000000000116,0.13899999999999936,0.13760000000000084,0.13610000000000078,0.13900000000000113,0.14010000000000034,0.14349999999999953,0.1399000000000008,0.13889999999999959,0.14069999999999895,0.13759999999999907,0.13640000000000009,0.13759999999999907,0.13030000000000009,0.1125999999999987,0.10999999999999943,0.1512000000000011,0.1404999999999994,0.14000000000000058,0.13970000000000128,0.15160000000000019,0.14090000000000026,0.14039999999999965,0.13649999999999985,0.14660000000000118,0.14029999999999988,0.14059999999999918,0.1399000000000008,0.14179999999999993,0.13919999999999889,0.14139999999999909,0.14679999999999894,0.13930000000000043,0.14330000000000177,0.1390999999999991,0.14010000000000034],"Min":0.10999999999999943,"Max":0.24580000000000003,"Median":0.14005000000000046,"Average":0.14200200000000003,"StandardDeviation":0.01399706383496204,"Sum":14.2002}]}
Saving results to: C:/Users/User/AppData/LocalLow/DefaultCompany/QA - Final\TestResults.xml
]]></output>
        </test-case>
      </test-suite>
    </test-suite>
  </test-suite>
</test-run>